20240 DEBUG [2019-06-26 09:11:42]  Looking for resource handler mappings
20241 DEBUG [2019-06-26 09:11:42]  Returning cached instance of singleton bean 'faviconHandlerMapping'
20241 DEBUG [2019-06-26 09:11:42]  Returning cached instance of singleton bean 'resourceHandlerMapping'
20241 DEBUG [2019-06-26 09:11:42]  Found resource handler mapping: URL pattern="/**/favicon.ico", locations=[class path resource [META-INF/resources/], class path resource [resources/], class path resource [static/], class path resource [public/], ServletContext resource [/], class path resource []], resolvers=[org.springframework.web.servlet.resource.PathResourceResolver@6d9cee7]
20242 DEBUG [2019-06-26 09:11:42]  Found resource handler mapping: URL pattern="/webjars/**", locations=[class path resource [META-INF/resources/webjars/]], resolvers=[org.springframework.web.servlet.resource.PathResourceResolver@5f9c730a]
20242 DEBUG [2019-06-26 09:11:42]  Found resource handler mapping: URL pattern="/**", locations=[class path resource [META-INF/resources/], class path resource [resources/], class path resource [static/], class path resource [public/], ServletContext resource [/]], resolvers=[org.springframework.web.servlet.resource.PathResourceResolver@2992a565]
20253 DEBUG [2019-06-26 09:11:42]  Could not find key 'spring.liveBeansView.mbeanDomain' in any property source
20579 INFO  [2019-06-26 09:11:43]  Tomcat started on port(s): 80 (http) with context path ''
20580 DEBUG [2019-06-26 09:11:43]  Adding PropertySource 'server.ports' with highest search precedence
20585 INFO  [2019-06-26 09:11:43]  Started RunApp in 20.563 seconds (JVM running for 21.406)
20588 DEBUG [2019-06-26 09:11:43]  Returning cached instance of singleton bean 'conditionEvaluationDeltaLoggingListener'
20589 DEBUG [2019-06-26 09:11:43]  Creating new Restarter for thread Thread[main,5,main]
20589 DEBUG [2019-06-26 09:11:43]  Immediately restarting application
20589 DEBUG [2019-06-26 09:11:43]  Created RestartClassLoader org.springframework.boot.devtools.restart.classloader.RestartClassLoader@55519295
20589 DEBUG [2019-06-26 09:11:43]  Starting application com.ehr.RunApp with URLs [file:/D:/JEE_code/Java/ehrDemo%20-%20Copy/target/classes/]
20590 DEBUG [2019-06-26 09:11:43]  Returning cached instance of singleton bean 'autoConfigurationReport'
53217 DEBUG [2019-06-26 09:12:15]  Initializing servlet 'dispatcherServlet'
53219 INFO  [2019-06-26 09:12:15]  FrameworkServlet 'dispatcherServlet': initialization started
53219 DEBUG [2019-06-26 09:12:15]  Returning cached instance of singleton bean 'multipartResolver'
53219 DEBUG [2019-06-26 09:12:15]  Using MultipartResolver [org.springframework.web.multipart.support.StandardServletMultipartResolver@16caa1a]
53250 DEBUG [2019-06-26 09:12:15]  Creating instance of bean 'org.springframework.web.servlet.i18n.AcceptHeaderLocaleResolver'
53255 DEBUG [2019-06-26 09:12:15]  Returning cached instance of singleton bean 'org.springframework.transaction.config.internalTransactionAdvisor'
53256 DEBUG [2019-06-26 09:12:15]  Finished creating instance of bean 'org.springframework.web.servlet.i18n.AcceptHeaderLocaleResolver'
53256 DEBUG [2019-06-26 09:12:15]  Unable to locate LocaleResolver with name 'localeResolver': using default [org.springframework.web.servlet.i18n.AcceptHeaderLocaleResolver@25b29063]
53271 DEBUG [2019-06-26 09:12:15]  Creating instance of bean 'org.springframework.web.servlet.theme.FixedThemeResolver'
53278 DEBUG [2019-06-26 09:12:15]  Returning cached instance of singleton bean 'org.springframework.transaction.config.internalTransactionAdvisor'
53278 DEBUG [2019-06-26 09:12:15]  Finished creating instance of bean 'org.springframework.web.servlet.theme.FixedThemeResolver'
53278 DEBUG [2019-06-26 09:12:15]  Unable to locate ThemeResolver with name 'themeResolver': using default [org.springframework.web.servlet.theme.FixedThemeResolver@481cb093]
53279 DEBUG [2019-06-26 09:12:15]  Returning cached instance of singleton bean 'faviconHandlerMapping'
53279 DEBUG [2019-06-26 09:12:15]  Returning cached instance of singleton bean 'requestMappingHandlerMapping'
53279 DEBUG [2019-06-26 09:12:15]  Returning cached instance of singleton bean 'viewControllerHandlerMapping'
53279 DEBUG [2019-06-26 09:12:15]  Returning cached instance of singleton bean 'beanNameHandlerMapping'
53279 DEBUG [2019-06-26 09:12:15]  Returning cached instance of singleton bean 'resourceHandlerMapping'
53279 DEBUG [2019-06-26 09:12:15]  Returning cached instance of singleton bean 'defaultServletHandlerMapping'
53279 DEBUG [2019-06-26 09:12:15]  Returning cached instance of singleton bean 'welcomePageHandlerMapping'
53280 DEBUG [2019-06-26 09:12:15]  Returning cached instance of singleton bean 'requestMappingHandlerAdapter'
53280 DEBUG [2019-06-26 09:12:15]  Returning cached instance of singleton bean 'httpRequestHandlerAdapter'
53280 DEBUG [2019-06-26 09:12:15]  Returning cached instance of singleton bean 'simpleControllerHandlerAdapter'
53281 DEBUG [2019-06-26 09:12:15]  Returning cached instance of singleton bean 'errorAttributes'
53281 DEBUG [2019-06-26 09:12:15]  Returning cached instance of singleton bean 'handlerExceptionResolver'
53282 DEBUG [2019-06-26 09:12:15]  Creating instance of bean 'org.springframework.web.servlet.view.DefaultRequestToViewNameTranslator'
53289 DEBUG [2019-06-26 09:12:15]  Returning cached instance of singleton bean 'org.springframework.transaction.config.internalTransactionAdvisor'
53289 DEBUG [2019-06-26 09:12:15]  Finished creating instance of bean 'org.springframework.web.servlet.view.DefaultRequestToViewNameTranslator'
53289 DEBUG [2019-06-26 09:12:15]  Unable to locate RequestToViewNameTranslator with name 'viewNameTranslator': using default [org.springframework.web.servlet.view.DefaultRequestToViewNameTranslator@9f52e94]
53290 DEBUG [2019-06-26 09:12:15]  Returning cached instance of singleton bean 'beanNameViewResolver'
53290 DEBUG [2019-06-26 09:12:15]  Returning cached instance of singleton bean 'mvcViewResolver'
53290 DEBUG [2019-06-26 09:12:15]  Returning cached instance of singleton bean 'defaultViewResolver'
53290 DEBUG [2019-06-26 09:12:15]  Returning cached instance of singleton bean 'viewResolver'
53292 DEBUG [2019-06-26 09:12:15]  Creating instance of bean 'org.springframework.web.servlet.support.SessionFlashMapManager'
53303 DEBUG [2019-06-26 09:12:15]  Returning cached instance of singleton bean 'org.springframework.transaction.config.internalTransactionAdvisor'
53303 DEBUG [2019-06-26 09:12:15]  Finished creating instance of bean 'org.springframework.web.servlet.support.SessionFlashMapManager'
53303 DEBUG [2019-06-26 09:12:15]  Unable to locate FlashMapManager with name 'flashMapManager': using default [org.springframework.web.servlet.support.SessionFlashMapManager@3bbdfa45]
53303 DEBUG [2019-06-26 09:12:15]  Published WebApplicationContext of servlet 'dispatcherServlet' as ServletContext attribute with name [org.springframework.web.servlet.FrameworkServlet.CONTEXT.dispatcherServlet]
53303 INFO  [2019-06-26 09:12:15]  FrameworkServlet 'dispatcherServlet': initialization completed in 84 ms
53304 DEBUG [2019-06-26 09:12:15]  Servlet 'dispatcherServlet' configured successfully
53366 DEBUG [2019-06-26 09:12:16]  Bound request context to thread: org.apache.catalina.connector.RequestFacade@380442b1
53367 DEBUG [2019-06-26 09:12:16]  DispatcherServlet with name 'dispatcherServlet' processing GET request for [/organization/company/]
53371 DEBUG [2019-06-26 09:12:16]  Looking up handler method for path /organization/company/
53373 DEBUG [2019-06-26 09:12:16]  Returning handler method [public java.lang.String com.ehr.controller.organization.company.CompanyController.company()]
53374 DEBUG [2019-06-26 09:12:16]  Returning cached instance of singleton bean 'companyController'
53374 DEBUG [2019-06-26 09:12:16]  Last-Modified value for [/organization/company/] is: -1
53407 DEBUG [2019-06-26 09:12:16]  Requested media types are [text/html, application/xhtml+xml, image/webp, image/apng, application/signed-exchange;v=b3, application/xml;q=0.9, */*;q=0.8] based on Accept header types and producible media types [*/*])
53407 DEBUG [2019-06-26 09:12:16]  No matching bean found for view name '/organization/company/companyList'
53410 DEBUG [2019-06-26 09:12:16]  Invoking afterPropertiesSet() on bean with name '/organization/company/companyList'
53410 DEBUG [2019-06-26 09:12:16]  Returning cached instance of singleton bean 'org.springframework.transaction.config.internalTransactionAdvisor'
53411 DEBUG [2019-06-26 09:12:16]  Returning [org.springframework.web.servlet.view.InternalResourceView: name '/organization/company/companyList'; URL [/WEB-INF/View//organization/company/companyList.jsp]] based on requested media type 'text/html'
53412 DEBUG [2019-06-26 09:12:16]  Rendering view [org.springframework.web.servlet.view.InternalResourceView: name '/organization/company/companyList'; URL [/WEB-INF/View//organization/company/companyList.jsp]] in DispatcherServlet with name 'dispatcherServlet'
53414 DEBUG [2019-06-26 09:12:16]  Forwarding to resource [/WEB-INF/View//organization/company/companyList.jsp] in InternalResourceView '/organization/company/companyList'
56001 DEBUG [2019-06-26 09:12:18]  Successfully completed request
56002 DEBUG [2019-06-26 09:12:18]  Cleared thread-bound request context: org.apache.catalina.connector.RequestFacade@380442b1
57691 DEBUG [2019-06-26 09:12:20]  Bound request context to thread: org.apache.catalina.connector.RequestFacade@44a430f7
57692 DEBUG [2019-06-26 09:12:20]  Bound request context to thread: org.apache.catalina.connector.RequestFacade@380442b1
57692 DEBUG [2019-06-26 09:12:20]  DispatcherServlet with name 'dispatcherServlet' processing GET request for [/css/xadmin.css]
57693 DEBUG [2019-06-26 09:12:20]  DispatcherServlet with name 'dispatcherServlet' processing GET request for [/css/font.css]
57694 DEBUG [2019-06-26 09:12:20]  Looking up handler method for path /css/xadmin.css
57694 DEBUG [2019-06-26 09:12:20]  Looking up handler method for path /css/font.css
57701 DEBUG [2019-06-26 09:12:20]  Did not find handler method for [/css/xadmin.css]
57703 DEBUG [2019-06-26 09:12:20]  Did not find handler method for [/css/font.css]
57703 DEBUG [2019-06-26 09:12:20]  Matching patterns for request [/css/font.css] are [/**]
57702 DEBUG [2019-06-26 09:12:20]  Matching patterns for request [/css/xadmin.css] are [/**]
57705 DEBUG [2019-06-26 09:12:20]  URI Template variables for request [/css/font.css] are {}
57707 DEBUG [2019-06-26 09:12:20]  Mapping [/css/font.css] to HandlerExecutionChain with handler [ResourceHttpRequestHandler [locations=[class path resource [META-INF/resources/], class path resource [resources/], class path resource [static/], class path resource [public/], ServletContext resource [/]], resolvers=[org.springframework.web.servlet.resource.PathResourceResolver@2992a565]]] and 1 interceptor
57706 DEBUG [2019-06-26 09:12:20]  URI Template variables for request [/css/xadmin.css] are {}
57708 DEBUG [2019-06-26 09:12:20]  Mapping [/css/xadmin.css] to HandlerExecutionChain with handler [ResourceHttpRequestHandler [locations=[class path resource [META-INF/resources/], class path resource [resources/], class path resource [static/], class path resource [public/], ServletContext resource [/]], resolvers=[org.springframework.web.servlet.resource.PathResourceResolver@2992a565]]] and 1 interceptor
57738 DEBUG [2019-06-26 09:12:20]  Last-Modified value for [/css/font.css] is: -1
57738 DEBUG [2019-06-26 09:12:20]  Last-Modified value for [/css/xadmin.css] is: -1
57980 DEBUG [2019-06-26 09:12:20]  Null ModelAndView returned to DispatcherServlet with name 'dispatcherServlet': assuming HandlerAdapter completed request handling
57980 DEBUG [2019-06-26 09:12:20]  Successfully completed request
57980 DEBUG [2019-06-26 09:12:20]  Null ModelAndView returned to DispatcherServlet with name 'dispatcherServlet': assuming HandlerAdapter completed request handling
57980 DEBUG [2019-06-26 09:12:20]  Successfully completed request
57980 DEBUG [2019-06-26 09:12:20]  Cleared thread-bound request context: org.apache.catalina.connector.RequestFacade@380442b1
57980 DEBUG [2019-06-26 09:12:20]  Cleared thread-bound request context: org.apache.catalina.connector.RequestFacade@44a430f7
58585 DEBUG [2019-06-26 09:12:21]  Bound request context to thread: org.apache.catalina.connector.RequestFacade@380442b1
58587 DEBUG [2019-06-26 09:12:21]  DispatcherServlet with name 'dispatcherServlet' processing GET request for [/js/xadmin.js]
58589 DEBUG [2019-06-26 09:12:21]  Looking up handler method for path /js/xadmin.js
58599 DEBUG [2019-06-26 09:12:21]  Bound request context to thread: org.apache.catalina.connector.RequestFacade@44a430f7
58599 DEBUG [2019-06-26 09:12:21]  Did not find handler method for [/js/xadmin.js]
58599 DEBUG [2019-06-26 09:12:21]  DispatcherServlet with name 'dispatcherServlet' processing GET request for [/lib/layui/layui.js]
58599 DEBUG [2019-06-26 09:12:21]  Matching patterns for request [/js/xadmin.js] are [/**]
58599 DEBUG [2019-06-26 09:12:21]  Looking up handler method for path /lib/layui/layui.js
58599 DEBUG [2019-06-26 09:12:21]  URI Template variables for request [/js/xadmin.js] are {}
58599 DEBUG [2019-06-26 09:12:21]  Mapping [/js/xadmin.js] to HandlerExecutionChain with handler [ResourceHttpRequestHandler [locations=[class path resource [META-INF/resources/], class path resource [resources/], class path resource [static/], class path resource [public/], ServletContext resource [/]], resolvers=[org.springframework.web.servlet.resource.PathResourceResolver@2992a565]]] and 1 interceptor
58600 DEBUG [2019-06-26 09:12:21]  Last-Modified value for [/js/xadmin.js] is: -1
58600 DEBUG [2019-06-26 09:12:21]  Bound request context to thread: org.apache.catalina.connector.RequestFacade@4fde08c8
58600 DEBUG [2019-06-26 09:12:21]  DispatcherServlet with name 'dispatcherServlet' processing GET request for [/organization/companyApi.js]
58600 DEBUG [2019-06-26 09:12:21]  Looking up handler method for path /organization/companyApi.js
58602 DEBUG [2019-06-26 09:12:21]  Did not find handler method for [/lib/layui/layui.js]
58602 DEBUG [2019-06-26 09:12:21]  Matching patterns for request [/lib/layui/layui.js] are [/**]
58602 DEBUG [2019-06-26 09:12:21]  URI Template variables for request [/lib/layui/layui.js] are {}
58602 DEBUG [2019-06-26 09:12:21]  Mapping [/lib/layui/layui.js] to HandlerExecutionChain with handler [ResourceHttpRequestHandler [locations=[class path resource [META-INF/resources/], class path resource [resources/], class path resource [static/], class path resource [public/], ServletContext resource [/]], resolvers=[org.springframework.web.servlet.resource.PathResourceResolver@2992a565]]] and 1 interceptor
58602 DEBUG [2019-06-26 09:12:21]  Last-Modified value for [/lib/layui/layui.js] is: -1
58607 DEBUG [2019-06-26 09:12:21]  Did not find handler method for [/organization/companyApi.js]
58607 DEBUG [2019-06-26 09:12:21]  Matching patterns for request [/organization/companyApi.js] are [/**]
58607 DEBUG [2019-06-26 09:12:21]  URI Template variables for request [/organization/companyApi.js] are {}
58607 DEBUG [2019-06-26 09:12:21]  Mapping [/organization/companyApi.js] to HandlerExecutionChain with handler [ResourceHttpRequestHandler [locations=[class path resource [META-INF/resources/], class path resource [resources/], class path resource [static/], class path resource [public/], ServletContext resource [/]], resolvers=[org.springframework.web.servlet.resource.PathResourceResolver@2992a565]]] and 1 interceptor
58607 DEBUG [2019-06-26 09:12:21]  Last-Modified value for [/organization/companyApi.js] is: -1
58892 DEBUG [2019-06-26 09:12:21]  Null ModelAndView returned to DispatcherServlet with name 'dispatcherServlet': assuming HandlerAdapter completed request handling
58893 DEBUG [2019-06-26 09:12:21]  Successfully completed request
58893 DEBUG [2019-06-26 09:12:21]  Cleared thread-bound request context: org.apache.catalina.connector.RequestFacade@380442b1
58980 DEBUG [2019-06-26 09:12:21]  Bound request context to thread: org.apache.catalina.connector.RequestFacade@380442b1
58981 DEBUG [2019-06-26 09:12:21]  DispatcherServlet with name 'dispatcherServlet' processing GET request for [/lib/layui/css/layui.css]
58982 DEBUG [2019-06-26 09:12:21]  Looking up handler method for path /lib/layui/css/layui.css
58985 DEBUG [2019-06-26 09:12:21]  Did not find handler method for [/lib/layui/css/layui.css]
58986 DEBUG [2019-06-26 09:12:21]  Matching patterns for request [/lib/layui/css/layui.css] are [/**]
58986 DEBUG [2019-06-26 09:12:21]  URI Template variables for request [/lib/layui/css/layui.css] are {}
58986 DEBUG [2019-06-26 09:12:21]  Mapping [/lib/layui/css/layui.css] to HandlerExecutionChain with handler [ResourceHttpRequestHandler [locations=[class path resource [META-INF/resources/], class path resource [resources/], class path resource [static/], class path resource [public/], ServletContext resource [/]], resolvers=[org.springframework.web.servlet.resource.PathResourceResolver@2992a565]]] and 1 interceptor
58986 DEBUG [2019-06-26 09:12:21]  Last-Modified value for [/lib/layui/css/layui.css] is: -1
59570 DEBUG [2019-06-26 09:12:22]  Null ModelAndView returned to DispatcherServlet with name 'dispatcherServlet': assuming HandlerAdapter completed request handling
59570 DEBUG [2019-06-26 09:12:22]  Successfully completed request
59570 DEBUG [2019-06-26 09:12:22]  Cleared thread-bound request context: org.apache.catalina.connector.RequestFacade@380442b1
59588 DEBUG [2019-06-26 09:12:22]  Null ModelAndView returned to DispatcherServlet with name 'dispatcherServlet': assuming HandlerAdapter completed request handling
59588 DEBUG [2019-06-26 09:12:22]  Successfully completed request
59588 DEBUG [2019-06-26 09:12:22]  Cleared thread-bound request context: org.apache.catalina.connector.RequestFacade@4fde08c8
61425 DEBUG [2019-06-26 09:12:24]  Null ModelAndView returned to DispatcherServlet with name 'dispatcherServlet': assuming HandlerAdapter completed request handling
61425 DEBUG [2019-06-26 09:12:24]  Successfully completed request
61426 DEBUG [2019-06-26 09:12:24]  Cleared thread-bound request context: org.apache.catalina.connector.RequestFacade@44a430f7
61662 DEBUG [2019-06-26 09:12:24]  Bound request context to thread: org.apache.catalina.connector.RequestFacade@44a430f7
61662 DEBUG [2019-06-26 09:12:24]  DispatcherServlet with name 'dispatcherServlet' processing GET request for [/lib/layui/lay/modules/table.js]
61663 DEBUG [2019-06-26 09:12:24]  Looking up handler method for path /lib/layui/lay/modules/table.js
61664 DEBUG [2019-06-26 09:12:24]  Did not find handler method for [/lib/layui/lay/modules/table.js]
61664 DEBUG [2019-06-26 09:12:24]  Matching patterns for request [/lib/layui/lay/modules/table.js] are [/**]
61664 DEBUG [2019-06-26 09:12:24]  URI Template variables for request [/lib/layui/lay/modules/table.js] are {}
61664 DEBUG [2019-06-26 09:12:24]  Mapping [/lib/layui/lay/modules/table.js] to HandlerExecutionChain with handler [ResourceHttpRequestHandler [locations=[class path resource [META-INF/resources/], class path resource [resources/], class path resource [static/], class path resource [public/], ServletContext resource [/]], resolvers=[org.springframework.web.servlet.resource.PathResourceResolver@2992a565]]] and 1 interceptor
61664 DEBUG [2019-06-26 09:12:24]  Last-Modified value for [/lib/layui/lay/modules/table.js] is: -1
61848 DEBUG [2019-06-26 09:12:24]  Bound request context to thread: org.apache.catalina.connector.RequestFacade@4fde08c8
61848 DEBUG [2019-06-26 09:12:24]  DispatcherServlet with name 'dispatcherServlet' processing GET request for [/lib/layui/lay/modules/form.js]
61848 DEBUG [2019-06-26 09:12:24]  Looking up handler method for path /lib/layui/lay/modules/form.js
61849 DEBUG [2019-06-26 09:12:24]  Did not find handler method for [/lib/layui/lay/modules/form.js]
61850 DEBUG [2019-06-26 09:12:24]  Matching patterns for request [/lib/layui/lay/modules/form.js] are [/**]
61850 DEBUG [2019-06-26 09:12:24]  URI Template variables for request [/lib/layui/lay/modules/form.js] are {}
61850 DEBUG [2019-06-26 09:12:24]  Mapping [/lib/layui/lay/modules/form.js] to HandlerExecutionChain with handler [ResourceHttpRequestHandler [locations=[class path resource [META-INF/resources/], class path resource [resources/], class path resource [static/], class path resource [public/], ServletContext resource [/]], resolvers=[org.springframework.web.servlet.resource.PathResourceResolver@2992a565]]] and 1 interceptor
61850 DEBUG [2019-06-26 09:12:24]  Last-Modified value for [/lib/layui/lay/modules/form.js] is: -1
63310 DEBUG [2019-06-26 09:12:25]  Null ModelAndView returned to DispatcherServlet with name 'dispatcherServlet': assuming HandlerAdapter completed request handling
63313 DEBUG [2019-06-26 09:12:25]  Successfully completed request
63314 DEBUG [2019-06-26 09:12:25]  Cleared thread-bound request context: org.apache.catalina.connector.RequestFacade@4fde08c8
63592 DEBUG [2019-06-26 09:12:26]  Null ModelAndView returned to DispatcherServlet with name 'dispatcherServlet': assuming HandlerAdapter completed request handling
63593 DEBUG [2019-06-26 09:12:26]  Successfully completed request
63593 DEBUG [2019-06-26 09:12:26]  Cleared thread-bound request context: org.apache.catalina.connector.RequestFacade@44a430f7
64414 DEBUG [2019-06-26 09:12:27]  Bound request context to thread: org.apache.catalina.connector.RequestFacade@44a430f7
64414 DEBUG [2019-06-26 09:12:27]  DispatcherServlet with name 'dispatcherServlet' processing GET request for [/lib/layui/font/iconfont.woff2]
64415 DEBUG [2019-06-26 09:12:27]  Looking up handler method for path /lib/layui/font/iconfont.woff2
64416 DEBUG [2019-06-26 09:12:27]  Did not find handler method for [/lib/layui/font/iconfont.woff2]
64416 DEBUG [2019-06-26 09:12:27]  Matching patterns for request [/lib/layui/font/iconfont.woff2] are [/**]
64416 DEBUG [2019-06-26 09:12:27]  URI Template variables for request [/lib/layui/font/iconfont.woff2] are {}
64416 DEBUG [2019-06-26 09:12:27]  Mapping [/lib/layui/font/iconfont.woff2] to HandlerExecutionChain with handler [ResourceHttpRequestHandler [locations=[class path resource [META-INF/resources/], class path resource [resources/], class path resource [static/], class path resource [public/], ServletContext resource [/]], resolvers=[org.springframework.web.servlet.resource.PathResourceResolver@2992a565]]] and 1 interceptor
64419 DEBUG [2019-06-26 09:12:27]  Last-Modified value for [/lib/layui/font/iconfont.woff2] is: -1
64481 DEBUG [2019-06-26 09:12:27]  Bound request context to thread: org.apache.catalina.connector.RequestFacade@4fde08c8
64481 DEBUG [2019-06-26 09:12:27]  DispatcherServlet with name 'dispatcherServlet' processing GET request for [/lib/layui/lay/modules/layer.js]
64482 DEBUG [2019-06-26 09:12:27]  Looking up handler method for path /lib/layui/lay/modules/layer.js
64482 DEBUG [2019-06-26 09:12:27]  Did not find handler method for [/lib/layui/lay/modules/layer.js]
64482 DEBUG [2019-06-26 09:12:27]  Matching patterns for request [/lib/layui/lay/modules/layer.js] are [/**]
64483 DEBUG [2019-06-26 09:12:27]  URI Template variables for request [/lib/layui/lay/modules/layer.js] are {}
64483 DEBUG [2019-06-26 09:12:27]  Mapping [/lib/layui/lay/modules/layer.js] to HandlerExecutionChain with handler [ResourceHttpRequestHandler [locations=[class path resource [META-INF/resources/], class path resource [resources/], class path resource [static/], class path resource [public/], ServletContext resource [/]], resolvers=[org.springframework.web.servlet.resource.PathResourceResolver@2992a565]]] and 1 interceptor
64483 DEBUG [2019-06-26 09:12:27]  Last-Modified value for [/lib/layui/lay/modules/layer.js] is: -1
64652 DEBUG [2019-06-26 09:12:27]  Bound request context to thread: org.apache.catalina.connector.RequestFacade@380442b1
64652 DEBUG [2019-06-26 09:12:27]  DispatcherServlet with name 'dispatcherServlet' processing GET request for [/lib/layui/lay/modules/laytpl.js]
64652 DEBUG [2019-06-26 09:12:27]  Looking up handler method for path /lib/layui/lay/modules/laytpl.js
64652 DEBUG [2019-06-26 09:12:27]  Did not find handler method for [/lib/layui/lay/modules/laytpl.js]
64653 DEBUG [2019-06-26 09:12:27]  Matching patterns for request [/lib/layui/lay/modules/laytpl.js] are [/**]
64653 DEBUG [2019-06-26 09:12:27]  URI Template variables for request [/lib/layui/lay/modules/laytpl.js] are {}
64653 DEBUG [2019-06-26 09:12:27]  Mapping [/lib/layui/lay/modules/laytpl.js] to HandlerExecutionChain with handler [ResourceHttpRequestHandler [locations=[class path resource [META-INF/resources/], class path resource [resources/], class path resource [static/], class path resource [public/], ServletContext resource [/]], resolvers=[org.springframework.web.servlet.resource.PathResourceResolver@2992a565]]] and 1 interceptor
64653 DEBUG [2019-06-26 09:12:27]  Last-Modified value for [/lib/layui/lay/modules/laytpl.js] is: -1
64846 DEBUG [2019-06-26 09:12:27]  Skip CORS processing: request is from same origin
64890 DEBUG [2019-06-26 09:12:27]  Null ModelAndView returned to DispatcherServlet with name 'dispatcherServlet': assuming HandlerAdapter completed request handling
64890 DEBUG [2019-06-26 09:12:27]  Successfully completed request
64890 DEBUG [2019-06-26 09:12:27]  Cleared thread-bound request context: org.apache.catalina.connector.RequestFacade@380442b1
65022 DEBUG [2019-06-26 09:12:27]  Bound request context to thread: org.apache.catalina.connector.RequestFacade@380442b1
65023 DEBUG [2019-06-26 09:12:27]  DispatcherServlet with name 'dispatcherServlet' processing GET request for [/lib/layui/lay/modules/laypage.js]
65023 DEBUG [2019-06-26 09:12:27]  Looking up handler method for path /lib/layui/lay/modules/laypage.js
65025 DEBUG [2019-06-26 09:12:27]  Did not find handler method for [/lib/layui/lay/modules/laypage.js]
65025 DEBUG [2019-06-26 09:12:27]  Matching patterns for request [/lib/layui/lay/modules/laypage.js] are [/**]
65025 DEBUG [2019-06-26 09:12:27]  URI Template variables for request [/lib/layui/lay/modules/laypage.js] are {}
65025 DEBUG [2019-06-26 09:12:27]  Mapping [/lib/layui/lay/modules/laypage.js] to HandlerExecutionChain with handler [ResourceHttpRequestHandler [locations=[class path resource [META-INF/resources/], class path resource [resources/], class path resource [static/], class path resource [public/], ServletContext resource [/]], resolvers=[org.springframework.web.servlet.resource.PathResourceResolver@2992a565]]] and 1 interceptor
65025 DEBUG [2019-06-26 09:12:27]  Last-Modified value for [/lib/layui/lay/modules/laypage.js] is: -1
65134 DEBUG [2019-06-26 09:12:27]  Null ModelAndView returned to DispatcherServlet with name 'dispatcherServlet': assuming HandlerAdapter completed request handling
65135 DEBUG [2019-06-26 09:12:27]  Successfully completed request
65135 DEBUG [2019-06-26 09:12:27]  Cleared thread-bound request context: org.apache.catalina.connector.RequestFacade@44a430f7
65823 DEBUG [2019-06-26 09:12:28]  Null ModelAndView returned to DispatcherServlet with name 'dispatcherServlet': assuming HandlerAdapter completed request handling
65823 DEBUG [2019-06-26 09:12:28]  Successfully completed request
65823 DEBUG [2019-06-26 09:12:28]  Cleared thread-bound request context: org.apache.catalina.connector.RequestFacade@380442b1
66282 DEBUG [2019-06-26 09:12:28]  Null ModelAndView returned to DispatcherServlet with name 'dispatcherServlet': assuming HandlerAdapter completed request handling
66283 DEBUG [2019-06-26 09:12:28]  Successfully completed request
66284 DEBUG [2019-06-26 09:12:28]  Cleared thread-bound request context: org.apache.catalina.connector.RequestFacade@4fde08c8
66418 DEBUG [2019-06-26 09:12:29]  Bound request context to thread: org.apache.catalina.connector.RequestFacade@4fde08c8
66419 DEBUG [2019-06-26 09:12:29]  DispatcherServlet with name 'dispatcherServlet' processing GET request for [/lib/layui/css/modules/layer/default/layer.css]
66420 DEBUG [2019-06-26 09:12:29]  Looking up handler method for path /lib/layui/css/modules/layer/default/layer.css
66425 DEBUG [2019-06-26 09:12:29]  Did not find handler method for [/lib/layui/css/modules/layer/default/layer.css]
66426 DEBUG [2019-06-26 09:12:29]  Matching patterns for request [/lib/layui/css/modules/layer/default/layer.css] are [/**]
66426 DEBUG [2019-06-26 09:12:29]  URI Template variables for request [/lib/layui/css/modules/layer/default/layer.css] are {}
66426 DEBUG [2019-06-26 09:12:29]  Mapping [/lib/layui/css/modules/layer/default/layer.css] to HandlerExecutionChain with handler [ResourceHttpRequestHandler [locations=[class path resource [META-INF/resources/], class path resource [resources/], class path resource [static/], class path resource [public/], ServletContext resource [/]], resolvers=[org.springframework.web.servlet.resource.PathResourceResolver@2992a565]]] and 1 interceptor
66426 DEBUG [2019-06-26 09:12:29]  Last-Modified value for [/lib/layui/css/modules/layer/default/layer.css] is: -1
66512 DEBUG [2019-06-26 09:12:29]  Bound request context to thread: org.apache.catalina.connector.RequestFacade@380442b1
66513 DEBUG [2019-06-26 09:12:29]  DispatcherServlet with name 'dispatcherServlet' processing GET request for [/lib/layui/lay/modules/util.js]
66513 DEBUG [2019-06-26 09:12:29]  Looking up handler method for path /lib/layui/lay/modules/util.js
66513 DEBUG [2019-06-26 09:12:29]  Did not find handler method for [/lib/layui/lay/modules/util.js]
66513 DEBUG [2019-06-26 09:12:29]  Matching patterns for request [/lib/layui/lay/modules/util.js] are [/**]
66513 DEBUG [2019-06-26 09:12:29]  URI Template variables for request [/lib/layui/lay/modules/util.js] are {}
66513 DEBUG [2019-06-26 09:12:29]  Mapping [/lib/layui/lay/modules/util.js] to HandlerExecutionChain with handler [ResourceHttpRequestHandler [locations=[class path resource [META-INF/resources/], class path resource [resources/], class path resource [static/], class path resource [public/], ServletContext resource [/]], resolvers=[org.springframework.web.servlet.resource.PathResourceResolver@2992a565]]] and 1 interceptor
66513 DEBUG [2019-06-26 09:12:29]  Last-Modified value for [/lib/layui/lay/modules/util.js] is: -1
66541 DEBUG [2019-06-26 09:12:29]  Null ModelAndView returned to DispatcherServlet with name 'dispatcherServlet': assuming HandlerAdapter completed request handling
66541 DEBUG [2019-06-26 09:12:29]  Successfully completed request
66541 DEBUG [2019-06-26 09:12:29]  Cleared thread-bound request context: org.apache.catalina.connector.RequestFacade@4fde08c8
66600 DEBUG [2019-06-26 09:12:29]  Bound request context to thread: org.apache.catalina.connector.RequestFacade@4fde08c8
66600 DEBUG [2019-06-26 09:12:29]  DispatcherServlet with name 'dispatcherServlet' processing GET request for [/lib/layui/lay/modules/element.js]
66601 DEBUG [2019-06-26 09:12:29]  Looking up handler method for path /lib/layui/lay/modules/element.js
66604 DEBUG [2019-06-26 09:12:29]  Did not find handler method for [/lib/layui/lay/modules/element.js]
66604 DEBUG [2019-06-26 09:12:29]  Matching patterns for request [/lib/layui/lay/modules/element.js] are [/**]
66604 DEBUG [2019-06-26 09:12:29]  URI Template variables for request [/lib/layui/lay/modules/element.js] are {}
66604 DEBUG [2019-06-26 09:12:29]  Mapping [/lib/layui/lay/modules/element.js] to HandlerExecutionChain with handler [ResourceHttpRequestHandler [locations=[class path resource [META-INF/resources/], class path resource [resources/], class path resource [static/], class path resource [public/], ServletContext resource [/]], resolvers=[org.springframework.web.servlet.resource.PathResourceResolver@2992a565]]] and 1 interceptor
66604 DEBUG [2019-06-26 09:12:29]  Last-Modified value for [/lib/layui/lay/modules/element.js] is: -1
66654 DEBUG [2019-06-26 09:12:29]  Null ModelAndView returned to DispatcherServlet with name 'dispatcherServlet': assuming HandlerAdapter completed request handling
66654 DEBUG [2019-06-26 09:12:29]  Successfully completed request
66654 DEBUG [2019-06-26 09:12:29]  Cleared thread-bound request context: org.apache.catalina.connector.RequestFacade@380442b1
66925 DEBUG [2019-06-26 09:12:29]  Bound request context to thread: org.apache.catalina.connector.RequestFacade@380442b1
66925 DEBUG [2019-06-26 09:12:29]  DispatcherServlet with name 'dispatcherServlet' processing POST request for [/organization/company/companyListPage]
66926 DEBUG [2019-06-26 09:12:29]  Looking up handler method for path /organization/company/companyListPage
66928 DEBUG [2019-06-26 09:12:29]  Returning handler method [public java.util.Map<java.lang.String, java.lang.Object> com.ehr.controller.organization.company.CompanyController.companyListPage(java.lang.Integer,java.lang.Integer)]
66929 DEBUG [2019-06-26 09:12:29]  Returning cached instance of singleton bean 'companyController'
66932 DEBUG [2019-06-26 09:12:29]  Skip CORS processing: request is from same origin
67098 DEBUG [2019-06-26 09:12:29]  Null ModelAndView returned to DispatcherServlet with name 'dispatcherServlet': assuming HandlerAdapter completed request handling
67098 DEBUG [2019-06-26 09:12:29]  Successfully completed request
67099 DEBUG [2019-06-26 09:12:29]  Cleared thread-bound request context: org.apache.catalina.connector.RequestFacade@4fde08c8
69726 DEBUG [2019-06-26 09:12:32]  Fetching JDBC Connection from DataSource
69879 DEBUG [2019-06-26 09:12:32]  Fetching JDBC Connection from DataSource
70171 DEBUG [2019-06-26 09:12:32]  Written [{code=0, data=PageInfo{pageNum=1, pageSize=10, size=10, startRow=1, endRow=10, total=11, pages=2, list=Page{count=true, pageNum=1, pageSize=10, startRow=0, endRow=10, total=11, pages=2, reasonable=false, pageSizeZero=false}[Company{id=1, name='隐世集团', address='武汉光谷软件园', mark='武汉500强公司其中之一2', logictodelete=1, createtime=Wed Apr 11 17:05:02 CST 2018}, Company{id=2, name='武汉创新有限公司', address='武汉光谷软件园', mark='武汉第一家进入500强的公司', logictodelete=1, createtime=Thu Apr 26 17:05:06 CST 2018}, Company{id=3, name='武汉德馨有限公司', address='武汉光谷软件园', mark='武汉一家实力公司', logictodelete=1, createtime=Fri Apr 27 17:05:09 CST 2018}, Company{id=4, name='武汉天意有限公司', address='武汉洪山区', mark='一家实力中上，门槛低的公司', logictodelete=1, createtime=Tue Apr 17 17:05:13 CST 2018}, Company{id=5, name='武汉哲天有限公司', address='武汉洪山区', mark='一家小公司，实力并不出众', logictodelete=1, createtime=null}, Company{id=6, name='宜昌金江银座股份有限公司', address='宜昌伍家区', mark='位于宜昌的一个大集团', logictodelete=1, createtime=null}, Company{id=7, name='宜昌瑞祥有限公司', address='宜昌伍家区', mark='宜昌制药业巨头', logictodelete=1, createtime=null}, Company{id=11, name='宝武钢铁有限公司', address='上海市浦东新区', mark='中国钢铁制造业巨头', logictodelete=0, createtime=null}, Company{id=12, name='恒大地产集团', address='广州天河区', mark='中国房产以及开发资质第一的公司', logictodelete=0, createtime=null}, Company{id=13, name='碧桂园控股有限公司', address='广州佛山区', mark='中国目前最大的专业住宅开发区', logictodelete=0, createtime=null}], prePage=0, nextPage=2, isFirstPage=true, isLastPage=false, hasPreviousPage=false, hasNextPage=true, navigatePages=8, navigateFirstPage=1, navigateLastPage=2, navigatepageNums=[1, 2]}, count=PageInfo{pageNum=1, pageSize=10, size=10, startRow=1, endRow=10, total=11, pages=2, list=Page{count=true, pageNum=1, pageSize=10, startRow=0, endRow=10, total=11, pages=2, reasonable=false, pageSizeZero=false}[Company{id=1, name='隐世集团', address='武汉光谷软件园', mark='武汉500强公司其中之一2', logictodelete=1, createtime=Wed Apr 11 17:05:02 CST 2018}, Company{id=2, name='武汉创新有限公司', address='武汉光谷软件园', mark='武汉第一家进入500强的公司', logictodelete=1, createtime=Thu Apr 26 17:05:06 CST 2018}, Company{id=3, name='武汉德馨有限公司', address='武汉光谷软件园', mark='武汉一家实力公司', logictodelete=1, createtime=Fri Apr 27 17:05:09 CST 2018}, Company{id=4, name='武汉天意有限公司', address='武汉洪山区', mark='一家实力中上，门槛低的公司', logictodelete=1, createtime=Tue Apr 17 17:05:13 CST 2018}, Company{id=5, name='武汉哲天有限公司', address='武汉洪山区', mark='一家小公司，实力并不出众', logictodelete=1, createtime=null}, Company{id=6, name='宜昌金江银座股份有限公司', address='宜昌伍家区', mark='位于宜昌的一个大集团', logictodelete=1, createtime=null}, Company{id=7, name='宜昌瑞祥有限公司', address='宜昌伍家区', mark='宜昌制药业巨头', logictodelete=1, createtime=null}, Company{id=11, name='宝武钢铁有限公司', address='上海市浦东新区', mark='中国钢铁制造业巨头', logictodelete=0, createtime=null}, Company{id=12, name='恒大地产集团', address='广州天河区', mark='中国房产以及开发资质第一的公司', logictodelete=0, createtime=null}, Company{id=13, name='碧桂园控股有限公司', address='广州佛山区', mark='中国目前最大的专业住宅开发区', logictodelete=0, createtime=null}], prePage=0, nextPage=2, isFirstPage=true, isLastPage=false, hasPreviousPage=false, hasNextPage=true, navigatePages=8, navigateFirstPage=1, navigateLastPage=2, navigatepageNums=[1, 2]}}] as "application/json" using [org.springframework.http.converter.json.MappingJackson2HttpMessageConverter@53810d25]
70171 DEBUG [2019-06-26 09:12:32]  Null ModelAndView returned to DispatcherServlet with name 'dispatcherServlet': assuming HandlerAdapter completed request handling
70171 DEBUG [2019-06-26 09:12:32]  Successfully completed request
70171 DEBUG [2019-06-26 09:12:32]  Cleared thread-bound request context: org.apache.catalina.connector.RequestFacade@380442b1
126126 DEBUG [2019-06-26 09:13:28]  Bound request context to thread: org.apache.catalina.connector.RequestFacade@380442b1
126126 DEBUG [2019-06-26 09:13:28]  DispatcherServlet with name 'dispatcherServlet' processing POST request for [/organization/company/companyListPage]
126126 DEBUG [2019-06-26 09:13:28]  Looking up handler method for path /organization/company/companyListPage
126127 DEBUG [2019-06-26 09:13:28]  Returning handler method [public java.util.Map<java.lang.String, java.lang.Object> com.ehr.controller.organization.company.CompanyController.companyListPage(java.lang.Integer,java.lang.Integer)]
126127 DEBUG [2019-06-26 09:13:28]  Returning cached instance of singleton bean 'companyController'
126127 DEBUG [2019-06-26 09:13:28]  Skip CORS processing: request is from same origin
126130 DEBUG [2019-06-26 09:13:28]  Fetching JDBC Connection from DataSource
126140 DEBUG [2019-06-26 09:13:28]  Fetching JDBC Connection from DataSource
126149 DEBUG [2019-06-26 09:13:28]  Written [{code=0, data=PageInfo{pageNum=1, pageSize=10, size=10, startRow=1, endRow=10, total=11, pages=2, list=Page{count=true, pageNum=1, pageSize=10, startRow=0, endRow=10, total=11, pages=2, reasonable=false, pageSizeZero=false}[Company{id=1, name='隐世集团', address='武汉光谷软件园', mark='武汉500强公司其中之一2', logictodelete=1, createtime=Wed Apr 11 17:05:02 CST 2018}, Company{id=2, name='武汉创新有限公司', address='武汉光谷软件园', mark='武汉第一家进入500强的公司', logictodelete=1, createtime=Thu Apr 26 17:05:06 CST 2018}, Company{id=3, name='武汉德馨有限公司', address='武汉光谷软件园', mark='武汉一家实力公司', logictodelete=1, createtime=Fri Apr 27 17:05:09 CST 2018}, Company{id=4, name='武汉天意有限公司', address='武汉洪山区', mark='一家实力中上，门槛低的公司', logictodelete=1, createtime=Tue Apr 17 17:05:13 CST 2018}, Company{id=5, name='武汉哲天有限公司', address='武汉洪山区', mark='一家小公司，实力并不出众', logictodelete=1, createtime=null}, Company{id=6, name='宜昌金江银座股份有限公司', address='宜昌伍家区', mark='位于宜昌的一个大集团', logictodelete=1, createtime=null}, Company{id=7, name='宜昌瑞祥有限公司', address='宜昌伍家区', mark='宜昌制药业巨头', logictodelete=1, createtime=null}, Company{id=11, name='宝武钢铁有限公司', address='上海市浦东新区', mark='中国钢铁制造业巨头', logictodelete=0, createtime=null}, Company{id=12, name='恒大地产集团', address='广州天河区', mark='中国房产以及开发资质第一的公司', logictodelete=0, createtime=null}, Company{id=13, name='碧桂园控股有限公司', address='广州佛山区', mark='中国目前最大的专业住宅开发区', logictodelete=0, createtime=null}], prePage=0, nextPage=2, isFirstPage=true, isLastPage=false, hasPreviousPage=false, hasNextPage=true, navigatePages=8, navigateFirstPage=1, navigateLastPage=2, navigatepageNums=[1, 2]}, count=PageInfo{pageNum=1, pageSize=10, size=10, startRow=1, endRow=10, total=11, pages=2, list=Page{count=true, pageNum=1, pageSize=10, startRow=0, endRow=10, total=11, pages=2, reasonable=false, pageSizeZero=false}[Company{id=1, name='隐世集团', address='武汉光谷软件园', mark='武汉500强公司其中之一2', logictodelete=1, createtime=Wed Apr 11 17:05:02 CST 2018}, Company{id=2, name='武汉创新有限公司', address='武汉光谷软件园', mark='武汉第一家进入500强的公司', logictodelete=1, createtime=Thu Apr 26 17:05:06 CST 2018}, Company{id=3, name='武汉德馨有限公司', address='武汉光谷软件园', mark='武汉一家实力公司', logictodelete=1, createtime=Fri Apr 27 17:05:09 CST 2018}, Company{id=4, name='武汉天意有限公司', address='武汉洪山区', mark='一家实力中上，门槛低的公司', logictodelete=1, createtime=Tue Apr 17 17:05:13 CST 2018}, Company{id=5, name='武汉哲天有限公司', address='武汉洪山区', mark='一家小公司，实力并不出众', logictodelete=1, createtime=null}, Company{id=6, name='宜昌金江银座股份有限公司', address='宜昌伍家区', mark='位于宜昌的一个大集团', logictodelete=1, createtime=null}, Company{id=7, name='宜昌瑞祥有限公司', address='宜昌伍家区', mark='宜昌制药业巨头', logictodelete=1, createtime=null}, Company{id=11, name='宝武钢铁有限公司', address='上海市浦东新区', mark='中国钢铁制造业巨头', logictodelete=0, createtime=null}, Company{id=12, name='恒大地产集团', address='广州天河区', mark='中国房产以及开发资质第一的公司', logictodelete=0, createtime=null}, Company{id=13, name='碧桂园控股有限公司', address='广州佛山区', mark='中国目前最大的专业住宅开发区', logictodelete=0, createtime=null}], prePage=0, nextPage=2, isFirstPage=true, isLastPage=false, hasPreviousPage=false, hasNextPage=true, navigatePages=8, navigateFirstPage=1, navigateLastPage=2, navigatepageNums=[1, 2]}}] as "application/json" using [org.springframework.http.converter.json.MappingJackson2HttpMessageConverter@53810d25]
126153 DEBUG [2019-06-26 09:13:28]  Null ModelAndView returned to DispatcherServlet with name 'dispatcherServlet': assuming HandlerAdapter completed request handling
126153 DEBUG [2019-06-26 09:13:28]  Successfully completed request
126153 DEBUG [2019-06-26 09:13:28]  Cleared thread-bound request context: org.apache.catalina.connector.RequestFacade@380442b1
127024 DEBUG [2019-06-26 09:13:29]  Bound request context to thread: org.apache.catalina.connector.RequestFacade@380442b1
127025 DEBUG [2019-06-26 09:13:29]  DispatcherServlet with name 'dispatcherServlet' processing POST request for [/organization/company/companyListPage]
127025 DEBUG [2019-06-26 09:13:29]  Looking up handler method for path /organization/company/companyListPage
127025 DEBUG [2019-06-26 09:13:29]  Returning handler method [public java.util.Map<java.lang.String, java.lang.Object> com.ehr.controller.organization.company.CompanyController.companyListPage(java.lang.Integer,java.lang.Integer)]
127026 DEBUG [2019-06-26 09:13:29]  Returning cached instance of singleton bean 'companyController'
127026 DEBUG [2019-06-26 09:13:29]  Skip CORS processing: request is from same origin
127028 DEBUG [2019-06-26 09:13:29]  Fetching JDBC Connection from DataSource
127033 DEBUG [2019-06-26 09:13:29]  Fetching JDBC Connection from DataSource
127044 DEBUG [2019-06-26 09:13:29]  Written [{code=0, data=PageInfo{pageNum=1, pageSize=10, size=10, startRow=1, endRow=10, total=11, pages=2, list=Page{count=true, pageNum=1, pageSize=10, startRow=0, endRow=10, total=11, pages=2, reasonable=false, pageSizeZero=false}[Company{id=1, name='隐世集团', address='武汉光谷软件园', mark='武汉500强公司其中之一2', logictodelete=1, createtime=Wed Apr 11 17:05:02 CST 2018}, Company{id=2, name='武汉创新有限公司', address='武汉光谷软件园', mark='武汉第一家进入500强的公司', logictodelete=1, createtime=Thu Apr 26 17:05:06 CST 2018}, Company{id=3, name='武汉德馨有限公司', address='武汉光谷软件园', mark='武汉一家实力公司', logictodelete=1, createtime=Fri Apr 27 17:05:09 CST 2018}, Company{id=4, name='武汉天意有限公司', address='武汉洪山区', mark='一家实力中上，门槛低的公司', logictodelete=1, createtime=Tue Apr 17 17:05:13 CST 2018}, Company{id=5, name='武汉哲天有限公司', address='武汉洪山区', mark='一家小公司，实力并不出众', logictodelete=1, createtime=null}, Company{id=6, name='宜昌金江银座股份有限公司', address='宜昌伍家区', mark='位于宜昌的一个大集团', logictodelete=1, createtime=null}, Company{id=7, name='宜昌瑞祥有限公司', address='宜昌伍家区', mark='宜昌制药业巨头', logictodelete=1, createtime=null}, Company{id=11, name='宝武钢铁有限公司', address='上海市浦东新区', mark='中国钢铁制造业巨头', logictodelete=0, createtime=null}, Company{id=12, name='恒大地产集团', address='广州天河区', mark='中国房产以及开发资质第一的公司', logictodelete=0, createtime=null}, Company{id=13, name='碧桂园控股有限公司', address='广州佛山区', mark='中国目前最大的专业住宅开发区', logictodelete=0, createtime=null}], prePage=0, nextPage=2, isFirstPage=true, isLastPage=false, hasPreviousPage=false, hasNextPage=true, navigatePages=8, navigateFirstPage=1, navigateLastPage=2, navigatepageNums=[1, 2]}, count=PageInfo{pageNum=1, pageSize=10, size=10, startRow=1, endRow=10, total=11, pages=2, list=Page{count=true, pageNum=1, pageSize=10, startRow=0, endRow=10, total=11, pages=2, reasonable=false, pageSizeZero=false}[Company{id=1, name='隐世集团', address='武汉光谷软件园', mark='武汉500强公司其中之一2', logictodelete=1, createtime=Wed Apr 11 17:05:02 CST 2018}, Company{id=2, name='武汉创新有限公司', address='武汉光谷软件园', mark='武汉第一家进入500强的公司', logictodelete=1, createtime=Thu Apr 26 17:05:06 CST 2018}, Company{id=3, name='武汉德馨有限公司', address='武汉光谷软件园', mark='武汉一家实力公司', logictodelete=1, createtime=Fri Apr 27 17:05:09 CST 2018}, Company{id=4, name='武汉天意有限公司', address='武汉洪山区', mark='一家实力中上，门槛低的公司', logictodelete=1, createtime=Tue Apr 17 17:05:13 CST 2018}, Company{id=5, name='武汉哲天有限公司', address='武汉洪山区', mark='一家小公司，实力并不出众', logictodelete=1, createtime=null}, Company{id=6, name='宜昌金江银座股份有限公司', address='宜昌伍家区', mark='位于宜昌的一个大集团', logictodelete=1, createtime=null}, Company{id=7, name='宜昌瑞祥有限公司', address='宜昌伍家区', mark='宜昌制药业巨头', logictodelete=1, createtime=null}, Company{id=11, name='宝武钢铁有限公司', address='上海市浦东新区', mark='中国钢铁制造业巨头', logictodelete=0, createtime=null}, Company{id=12, name='恒大地产集团', address='广州天河区', mark='中国房产以及开发资质第一的公司', logictodelete=0, createtime=null}, Company{id=13, name='碧桂园控股有限公司', address='广州佛山区', mark='中国目前最大的专业住宅开发区', logictodelete=0, createtime=null}], prePage=0, nextPage=2, isFirstPage=true, isLastPage=false, hasPreviousPage=false, hasNextPage=true, navigatePages=8, navigateFirstPage=1, navigateLastPage=2, navigatepageNums=[1, 2]}}] as "application/json" using [org.springframework.http.converter.json.MappingJackson2HttpMessageConverter@53810d25]
127046 DEBUG [2019-06-26 09:13:29]  Null ModelAndView returned to DispatcherServlet with name 'dispatcherServlet': assuming HandlerAdapter completed request handling
127046 DEBUG [2019-06-26 09:13:29]  Successfully completed request
127046 DEBUG [2019-06-26 09:13:29]  Cleared thread-bound request context: org.apache.catalina.connector.RequestFacade@380442b1
176703 DEBUG [2019-06-26 09:14:19]  Bound request context to thread: org.apache.catalina.connector.RequestFacade@380442b1
176703 DEBUG [2019-06-26 09:14:19]  DispatcherServlet with name 'dispatcherServlet' processing POST request for [/organization/company/companyListPage]
176703 DEBUG [2019-06-26 09:14:19]  Looking up handler method for path /organization/company/companyListPage
176704 DEBUG [2019-06-26 09:14:19]  Returning handler method [public java.util.Map<java.lang.String, java.lang.Object> com.ehr.controller.organization.company.CompanyController.companyListPage(java.lang.Integer,java.lang.Integer)]
176704 DEBUG [2019-06-26 09:14:19]  Returning cached instance of singleton bean 'companyController'
176705 DEBUG [2019-06-26 09:14:19]  Skip CORS processing: request is from same origin
176707 DEBUG [2019-06-26 09:14:19]  Fetching JDBC Connection from DataSource
176713 DEBUG [2019-06-26 09:14:19]  Fetching JDBC Connection from DataSource
176722 DEBUG [2019-06-26 09:14:19]  Written [{code=0, data=PageInfo{pageNum=2, pageSize=10, size=1, startRow=11, endRow=11, total=11, pages=2, list=Page{count=true, pageNum=2, pageSize=10, startRow=10, endRow=20, total=11, pages=2, reasonable=false, pageSizeZero=false}[Company{id=14, name='中国保利集团', address='湖北武汉', mark='武汉500强公司其中之一', logictodelete=0, createtime=null}], prePage=1, nextPage=0, isFirstPage=false, isLastPage=true, hasPreviousPage=true, hasNextPage=false, navigatePages=8, navigateFirstPage=1, navigateLastPage=2, navigatepageNums=[1, 2]}, count=PageInfo{pageNum=2, pageSize=10, size=1, startRow=11, endRow=11, total=11, pages=2, list=Page{count=true, pageNum=2, pageSize=10, startRow=10, endRow=20, total=11, pages=2, reasonable=false, pageSizeZero=false}[Company{id=14, name='中国保利集团', address='湖北武汉', mark='武汉500强公司其中之一', logictodelete=0, createtime=null}], prePage=1, nextPage=0, isFirstPage=false, isLastPage=true, hasPreviousPage=true, hasNextPage=false, navigatePages=8, navigateFirstPage=1, navigateLastPage=2, navigatepageNums=[1, 2]}}] as "application/json" using [org.springframework.http.converter.json.MappingJackson2HttpMessageConverter@53810d25]
176722 DEBUG [2019-06-26 09:14:19]  Null ModelAndView returned to DispatcherServlet with name 'dispatcherServlet': assuming HandlerAdapter completed request handling
176722 DEBUG [2019-06-26 09:14:19]  Successfully completed request
176722 DEBUG [2019-06-26 09:14:19]  Cleared thread-bound request context: org.apache.catalina.connector.RequestFacade@380442b1
179824 DEBUG [2019-06-26 09:14:22]  Bound request context to thread: org.apache.catalina.connector.RequestFacade@380442b1
179825 DEBUG [2019-06-26 09:14:22]  DispatcherServlet with name 'dispatcherServlet' processing POST request for [/organization/company/companyListPage]
179825 DEBUG [2019-06-26 09:14:22]  Looking up handler method for path /organization/company/companyListPage
179825 DEBUG [2019-06-26 09:14:22]  Returning handler method [public java.util.Map<java.lang.String, java.lang.Object> com.ehr.controller.organization.company.CompanyController.companyListPage(java.lang.Integer,java.lang.Integer)]
179825 DEBUG [2019-06-26 09:14:22]  Returning cached instance of singleton bean 'companyController'
179826 DEBUG [2019-06-26 09:14:22]  Skip CORS processing: request is from same origin
179829 DEBUG [2019-06-26 09:14:22]  Fetching JDBC Connection from DataSource
179837 DEBUG [2019-06-26 09:14:22]  Fetching JDBC Connection from DataSource
179844 DEBUG [2019-06-26 09:14:22]  Written [{code=0, data=PageInfo{pageNum=1, pageSize=10, size=10, startRow=1, endRow=10, total=11, pages=2, list=Page{count=true, pageNum=1, pageSize=10, startRow=0, endRow=10, total=11, pages=2, reasonable=false, pageSizeZero=false}[Company{id=1, name='隐世集团', address='武汉光谷软件园', mark='武汉500强公司其中之一2', logictodelete=1, createtime=Wed Apr 11 17:05:02 CST 2018}, Company{id=2, name='武汉创新有限公司', address='武汉光谷软件园', mark='武汉第一家进入500强的公司', logictodelete=1, createtime=Thu Apr 26 17:05:06 CST 2018}, Company{id=3, name='武汉德馨有限公司', address='武汉光谷软件园', mark='武汉一家实力公司', logictodelete=1, createtime=Fri Apr 27 17:05:09 CST 2018}, Company{id=4, name='武汉天意有限公司', address='武汉洪山区', mark='一家实力中上，门槛低的公司', logictodelete=1, createtime=Tue Apr 17 17:05:13 CST 2018}, Company{id=5, name='武汉哲天有限公司', address='武汉洪山区', mark='一家小公司，实力并不出众', logictodelete=1, createtime=null}, Company{id=6, name='宜昌金江银座股份有限公司', address='宜昌伍家区', mark='位于宜昌的一个大集团', logictodelete=1, createtime=null}, Company{id=7, name='宜昌瑞祥有限公司', address='宜昌伍家区', mark='宜昌制药业巨头', logictodelete=1, createtime=null}, Company{id=11, name='宝武钢铁有限公司', address='上海市浦东新区', mark='中国钢铁制造业巨头', logictodelete=0, createtime=null}, Company{id=12, name='恒大地产集团', address='广州天河区', mark='中国房产以及开发资质第一的公司', logictodelete=0, createtime=null}, Company{id=13, name='碧桂园控股有限公司', address='广州佛山区', mark='中国目前最大的专业住宅开发区', logictodelete=0, createtime=null}], prePage=0, nextPage=2, isFirstPage=true, isLastPage=false, hasPreviousPage=false, hasNextPage=true, navigatePages=8, navigateFirstPage=1, navigateLastPage=2, navigatepageNums=[1, 2]}, count=PageInfo{pageNum=1, pageSize=10, size=10, startRow=1, endRow=10, total=11, pages=2, list=Page{count=true, pageNum=1, pageSize=10, startRow=0, endRow=10, total=11, pages=2, reasonable=false, pageSizeZero=false}[Company{id=1, name='隐世集团', address='武汉光谷软件园', mark='武汉500强公司其中之一2', logictodelete=1, createtime=Wed Apr 11 17:05:02 CST 2018}, Company{id=2, name='武汉创新有限公司', address='武汉光谷软件园', mark='武汉第一家进入500强的公司', logictodelete=1, createtime=Thu Apr 26 17:05:06 CST 2018}, Company{id=3, name='武汉德馨有限公司', address='武汉光谷软件园', mark='武汉一家实力公司', logictodelete=1, createtime=Fri Apr 27 17:05:09 CST 2018}, Company{id=4, name='武汉天意有限公司', address='武汉洪山区', mark='一家实力中上，门槛低的公司', logictodelete=1, createtime=Tue Apr 17 17:05:13 CST 2018}, Company{id=5, name='武汉哲天有限公司', address='武汉洪山区', mark='一家小公司，实力并不出众', logictodelete=1, createtime=null}, Company{id=6, name='宜昌金江银座股份有限公司', address='宜昌伍家区', mark='位于宜昌的一个大集团', logictodelete=1, createtime=null}, Company{id=7, name='宜昌瑞祥有限公司', address='宜昌伍家区', mark='宜昌制药业巨头', logictodelete=1, createtime=null}, Company{id=11, name='宝武钢铁有限公司', address='上海市浦东新区', mark='中国钢铁制造业巨头', logictodelete=0, createtime=null}, Company{id=12, name='恒大地产集团', address='广州天河区', mark='中国房产以及开发资质第一的公司', logictodelete=0, createtime=null}, Company{id=13, name='碧桂园控股有限公司', address='广州佛山区', mark='中国目前最大的专业住宅开发区', logictodelete=0, createtime=null}], prePage=0, nextPage=2, isFirstPage=true, isLastPage=false, hasPreviousPage=false, hasNextPage=true, navigatePages=8, navigateFirstPage=1, navigateLastPage=2, navigatepageNums=[1, 2]}}] as "application/json" using [org.springframework.http.converter.json.MappingJackson2HttpMessageConverter@53810d25]
179844 DEBUG [2019-06-26 09:14:22]  Null ModelAndView returned to DispatcherServlet with name 'dispatcherServlet': assuming HandlerAdapter completed request handling
179844 DEBUG [2019-06-26 09:14:22]  Successfully completed request
179845 DEBUG [2019-06-26 09:14:22]  Cleared thread-bound request context: org.apache.catalina.connector.RequestFacade@380442b1
183604 DEBUG [2019-06-26 09:14:26]  Bound request context to thread: org.apache.catalina.connector.RequestFacade@380442b1
183604 DEBUG [2019-06-26 09:14:26]  DispatcherServlet with name 'dispatcherServlet' processing GET request for [/organization/company/]
183604 DEBUG [2019-06-26 09:14:26]  Looking up handler method for path /organization/company/
183604 DEBUG [2019-06-26 09:14:26]  Returning handler method [public java.lang.String com.ehr.controller.organization.company.CompanyController.company()]
183604 DEBUG [2019-06-26 09:14:26]  Returning cached instance of singleton bean 'companyController'
183604 DEBUG [2019-06-26 09:14:26]  Last-Modified value for [/organization/company/] is: -1
183605 DEBUG [2019-06-26 09:14:26]  Requested media types are [text/html, application/xhtml+xml, image/webp, image/apng, application/signed-exchange;v=b3, application/xml;q=0.9, */*;q=0.8] based on Accept header types and producible media types [*/*])
183606 DEBUG [2019-06-26 09:14:26]  No matching bean found for view name '/organization/company/companyList'
183606 DEBUG [2019-06-26 09:14:26]  Returning [org.springframework.web.servlet.view.InternalResourceView: name '/organization/company/companyList'; URL [/WEB-INF/View//organization/company/companyList.jsp]] based on requested media type 'text/html'
183606 DEBUG [2019-06-26 09:14:26]  Rendering view [org.springframework.web.servlet.view.InternalResourceView: name '/organization/company/companyList'; URL [/WEB-INF/View//organization/company/companyList.jsp]] in DispatcherServlet with name 'dispatcherServlet'
183606 DEBUG [2019-06-26 09:14:26]  Forwarding to resource [/WEB-INF/View//organization/company/companyList.jsp] in InternalResourceView '/organization/company/companyList'
183623 DEBUG [2019-06-26 09:14:26]  Successfully completed request
183623 DEBUG [2019-06-26 09:14:26]  Cleared thread-bound request context: org.apache.catalina.connector.RequestFacade@380442b1
183828 DEBUG [2019-06-26 09:14:26]  Bound request context to thread: org.apache.catalina.connector.RequestFacade@380442b1
183829 DEBUG [2019-06-26 09:14:26]  DispatcherServlet with name 'dispatcherServlet' processing POST request for [/organization/company/companyListPage]
183829 DEBUG [2019-06-26 09:14:26]  Looking up handler method for path /organization/company/companyListPage
183829 DEBUG [2019-06-26 09:14:26]  Returning handler method [public java.util.Map<java.lang.String, java.lang.Object> com.ehr.controller.organization.company.CompanyController.companyListPage(java.lang.Integer,java.lang.Integer)]
183829 DEBUG [2019-06-26 09:14:26]  Returning cached instance of singleton bean 'companyController'
183830 DEBUG [2019-06-26 09:14:26]  Skip CORS processing: request is from same origin
183831 DEBUG [2019-06-26 09:14:26]  Fetching JDBC Connection from DataSource
183837 DEBUG [2019-06-26 09:14:26]  Fetching JDBC Connection from DataSource
183845 DEBUG [2019-06-26 09:14:26]  Written [{code=0, data=PageInfo{pageNum=1, pageSize=10, size=10, startRow=1, endRow=10, total=11, pages=2, list=Page{count=true, pageNum=1, pageSize=10, startRow=0, endRow=10, total=11, pages=2, reasonable=false, pageSizeZero=false}[Company{id=1, name='隐世集团', address='武汉光谷软件园', mark='武汉500强公司其中之一2', logictodelete=1, createtime=Wed Apr 11 17:05:02 CST 2018}, Company{id=2, name='武汉创新有限公司', address='武汉光谷软件园', mark='武汉第一家进入500强的公司', logictodelete=1, createtime=Thu Apr 26 17:05:06 CST 2018}, Company{id=3, name='武汉德馨有限公司', address='武汉光谷软件园', mark='武汉一家实力公司', logictodelete=1, createtime=Fri Apr 27 17:05:09 CST 2018}, Company{id=4, name='武汉天意有限公司', address='武汉洪山区', mark='一家实力中上，门槛低的公司', logictodelete=1, createtime=Tue Apr 17 17:05:13 CST 2018}, Company{id=5, name='武汉哲天有限公司', address='武汉洪山区', mark='一家小公司，实力并不出众', logictodelete=1, createtime=null}, Company{id=6, name='宜昌金江银座股份有限公司', address='宜昌伍家区', mark='位于宜昌的一个大集团', logictodelete=1, createtime=null}, Company{id=7, name='宜昌瑞祥有限公司', address='宜昌伍家区', mark='宜昌制药业巨头', logictodelete=1, createtime=null}, Company{id=11, name='宝武钢铁有限公司', address='上海市浦东新区', mark='中国钢铁制造业巨头', logictodelete=0, createtime=null}, Company{id=12, name='恒大地产集团', address='广州天河区', mark='中国房产以及开发资质第一的公司', logictodelete=0, createtime=null}, Company{id=13, name='碧桂园控股有限公司', address='广州佛山区', mark='中国目前最大的专业住宅开发区', logictodelete=0, createtime=null}], prePage=0, nextPage=2, isFirstPage=true, isLastPage=false, hasPreviousPage=false, hasNextPage=true, navigatePages=8, navigateFirstPage=1, navigateLastPage=2, navigatepageNums=[1, 2]}, count=PageInfo{pageNum=1, pageSize=10, size=10, startRow=1, endRow=10, total=11, pages=2, list=Page{count=true, pageNum=1, pageSize=10, startRow=0, endRow=10, total=11, pages=2, reasonable=false, pageSizeZero=false}[Company{id=1, name='隐世集团', address='武汉光谷软件园', mark='武汉500强公司其中之一2', logictodelete=1, createtime=Wed Apr 11 17:05:02 CST 2018}, Company{id=2, name='武汉创新有限公司', address='武汉光谷软件园', mark='武汉第一家进入500强的公司', logictodelete=1, createtime=Thu Apr 26 17:05:06 CST 2018}, Company{id=3, name='武汉德馨有限公司', address='武汉光谷软件园', mark='武汉一家实力公司', logictodelete=1, createtime=Fri Apr 27 17:05:09 CST 2018}, Company{id=4, name='武汉天意有限公司', address='武汉洪山区', mark='一家实力中上，门槛低的公司', logictodelete=1, createtime=Tue Apr 17 17:05:13 CST 2018}, Company{id=5, name='武汉哲天有限公司', address='武汉洪山区', mark='一家小公司，实力并不出众', logictodelete=1, createtime=null}, Company{id=6, name='宜昌金江银座股份有限公司', address='宜昌伍家区', mark='位于宜昌的一个大集团', logictodelete=1, createtime=null}, Company{id=7, name='宜昌瑞祥有限公司', address='宜昌伍家区', mark='宜昌制药业巨头', logictodelete=1, createtime=null}, Company{id=11, name='宝武钢铁有限公司', address='上海市浦东新区', mark='中国钢铁制造业巨头', logictodelete=0, createtime=null}, Company{id=12, name='恒大地产集团', address='广州天河区', mark='中国房产以及开发资质第一的公司', logictodelete=0, createtime=null}, Company{id=13, name='碧桂园控股有限公司', address='广州佛山区', mark='中国目前最大的专业住宅开发区', logictodelete=0, createtime=null}], prePage=0, nextPage=2, isFirstPage=true, isLastPage=false, hasPreviousPage=false, hasNextPage=true, navigatePages=8, navigateFirstPage=1, navigateLastPage=2, navigatepageNums=[1, 2]}}] as "application/json" using [org.springframework.http.converter.json.MappingJackson2HttpMessageConverter@53810d25]
183845 DEBUG [2019-06-26 09:14:26]  Null ModelAndView returned to DispatcherServlet with name 'dispatcherServlet': assuming HandlerAdapter completed request handling
183845 DEBUG [2019-06-26 09:14:26]  Successfully completed request
183845 DEBUG [2019-06-26 09:14:26]  Cleared thread-bound request context: org.apache.catalina.connector.RequestFacade@380442b1
261286 DEBUG [2019-06-26 09:15:43]  Bound request context to thread: org.apache.catalina.connector.RequestFacade@380442b1
261287 DEBUG [2019-06-26 09:15:43]  DispatcherServlet with name 'dispatcherServlet' processing GET request for [/organization/company/]
261287 DEBUG [2019-06-26 09:15:43]  Looking up handler method for path /organization/company/
261287 DEBUG [2019-06-26 09:15:43]  Returning handler method [public java.lang.String com.ehr.controller.organization.company.CompanyController.company()]
261287 DEBUG [2019-06-26 09:15:43]  Returning cached instance of singleton bean 'companyController'
261287 DEBUG [2019-06-26 09:15:43]  Last-Modified value for [/organization/company/] is: -1
261288 DEBUG [2019-06-26 09:15:43]  Requested media types are [text/html, application/xhtml+xml, image/webp, image/apng, application/signed-exchange;v=b3, application/xml;q=0.9, */*;q=0.8] based on Accept header types and producible media types [*/*])
261288 DEBUG [2019-06-26 09:15:43]  No matching bean found for view name '/organization/company/companyList'
261288 DEBUG [2019-06-26 09:15:43]  Returning [org.springframework.web.servlet.view.InternalResourceView: name '/organization/company/companyList'; URL [/WEB-INF/View//organization/company/companyList.jsp]] based on requested media type 'text/html'
261288 DEBUG [2019-06-26 09:15:43]  Rendering view [org.springframework.web.servlet.view.InternalResourceView: name '/organization/company/companyList'; URL [/WEB-INF/View//organization/company/companyList.jsp]] in DispatcherServlet with name 'dispatcherServlet'
261288 DEBUG [2019-06-26 09:15:43]  Forwarding to resource [/WEB-INF/View//organization/company/companyList.jsp] in InternalResourceView '/organization/company/companyList'
261293 DEBUG [2019-06-26 09:15:43]  Successfully completed request
261293 DEBUG [2019-06-26 09:15:43]  Cleared thread-bound request context: org.apache.catalina.connector.RequestFacade@380442b1
261479 DEBUG [2019-06-26 09:15:44]  Bound request context to thread: org.apache.catalina.connector.RequestFacade@380442b1
261479 DEBUG [2019-06-26 09:15:44]  DispatcherServlet with name 'dispatcherServlet' processing POST request for [/organization/company/companyListPage]
261480 DEBUG [2019-06-26 09:15:44]  Looking up handler method for path /organization/company/companyListPage
261480 DEBUG [2019-06-26 09:15:44]  Returning handler method [public java.util.Map<java.lang.String, java.lang.Object> com.ehr.controller.organization.company.CompanyController.companyListPage(java.lang.Integer,java.lang.Integer)]
261480 DEBUG [2019-06-26 09:15:44]  Returning cached instance of singleton bean 'companyController'
261481 DEBUG [2019-06-26 09:15:44]  Skip CORS processing: request is from same origin
261485 DEBUG [2019-06-26 09:15:44]  Fetching JDBC Connection from DataSource
261490 DEBUG [2019-06-26 09:15:44]  Fetching JDBC Connection from DataSource
261497 DEBUG [2019-06-26 09:15:44]  Written [{code=0, data=PageInfo{pageNum=1, pageSize=10, size=10, startRow=1, endRow=10, total=11, pages=2, list=Page{count=true, pageNum=1, pageSize=10, startRow=0, endRow=10, total=11, pages=2, reasonable=false, pageSizeZero=false}[Company{id=1, name='隐世集团', address='武汉光谷软件园', mark='武汉500强公司其中之一2', logictodelete=1, createtime=Wed Apr 11 17:05:02 CST 2018}, Company{id=2, name='武汉创新有限公司', address='武汉光谷软件园', mark='武汉第一家进入500强的公司', logictodelete=1, createtime=Thu Apr 26 17:05:06 CST 2018}, Company{id=3, name='武汉德馨有限公司', address='武汉光谷软件园', mark='武汉一家实力公司', logictodelete=1, createtime=Fri Apr 27 17:05:09 CST 2018}, Company{id=4, name='武汉天意有限公司', address='武汉洪山区', mark='一家实力中上，门槛低的公司', logictodelete=1, createtime=Tue Apr 17 17:05:13 CST 2018}, Company{id=5, name='武汉哲天有限公司', address='武汉洪山区', mark='一家小公司，实力并不出众', logictodelete=1, createtime=null}, Company{id=6, name='宜昌金江银座股份有限公司', address='宜昌伍家区', mark='位于宜昌的一个大集团', logictodelete=1, createtime=null}, Company{id=7, name='宜昌瑞祥有限公司', address='宜昌伍家区', mark='宜昌制药业巨头', logictodelete=1, createtime=null}, Company{id=11, name='宝武钢铁有限公司', address='上海市浦东新区', mark='中国钢铁制造业巨头', logictodelete=0, createtime=null}, Company{id=12, name='恒大地产集团', address='广州天河区', mark='中国房产以及开发资质第一的公司', logictodelete=0, createtime=null}, Company{id=13, name='碧桂园控股有限公司', address='广州佛山区', mark='中国目前最大的专业住宅开发区', logictodelete=0, createtime=null}], prePage=0, nextPage=2, isFirstPage=true, isLastPage=false, hasPreviousPage=false, hasNextPage=true, navigatePages=8, navigateFirstPage=1, navigateLastPage=2, navigatepageNums=[1, 2]}, count=PageInfo{pageNum=1, pageSize=10, size=10, startRow=1, endRow=10, total=11, pages=2, list=Page{count=true, pageNum=1, pageSize=10, startRow=0, endRow=10, total=11, pages=2, reasonable=false, pageSizeZero=false}[Company{id=1, name='隐世集团', address='武汉光谷软件园', mark='武汉500强公司其中之一2', logictodelete=1, createtime=Wed Apr 11 17:05:02 CST 2018}, Company{id=2, name='武汉创新有限公司', address='武汉光谷软件园', mark='武汉第一家进入500强的公司', logictodelete=1, createtime=Thu Apr 26 17:05:06 CST 2018}, Company{id=3, name='武汉德馨有限公司', address='武汉光谷软件园', mark='武汉一家实力公司', logictodelete=1, createtime=Fri Apr 27 17:05:09 CST 2018}, Company{id=4, name='武汉天意有限公司', address='武汉洪山区', mark='一家实力中上，门槛低的公司', logictodelete=1, createtime=Tue Apr 17 17:05:13 CST 2018}, Company{id=5, name='武汉哲天有限公司', address='武汉洪山区', mark='一家小公司，实力并不出众', logictodelete=1, createtime=null}, Company{id=6, name='宜昌金江银座股份有限公司', address='宜昌伍家区', mark='位于宜昌的一个大集团', logictodelete=1, createtime=null}, Company{id=7, name='宜昌瑞祥有限公司', address='宜昌伍家区', mark='宜昌制药业巨头', logictodelete=1, createtime=null}, Company{id=11, name='宝武钢铁有限公司', address='上海市浦东新区', mark='中国钢铁制造业巨头', logictodelete=0, createtime=null}, Company{id=12, name='恒大地产集团', address='广州天河区', mark='中国房产以及开发资质第一的公司', logictodelete=0, createtime=null}, Company{id=13, name='碧桂园控股有限公司', address='广州佛山区', mark='中国目前最大的专业住宅开发区', logictodelete=0, createtime=null}], prePage=0, nextPage=2, isFirstPage=true, isLastPage=false, hasPreviousPage=false, hasNextPage=true, navigatePages=8, navigateFirstPage=1, navigateLastPage=2, navigatepageNums=[1, 2]}}] as "application/json" using [org.springframework.http.converter.json.MappingJackson2HttpMessageConverter@53810d25]
261497 DEBUG [2019-06-26 09:15:44]  Null ModelAndView returned to DispatcherServlet with name 'dispatcherServlet': assuming HandlerAdapter completed request handling
261497 DEBUG [2019-06-26 09:15:44]  Successfully completed request
261497 DEBUG [2019-06-26 09:15:44]  Cleared thread-bound request context: org.apache.catalina.connector.RequestFacade@380442b1
267436 DEBUG [2019-06-26 09:15:50]  Bound request context to thread: org.apache.catalina.connector.RequestFacade@380442b1
267441 DEBUG [2019-06-26 09:15:50]  DispatcherServlet with name 'dispatcherServlet' processing POST request for [/organization/company/likeSearch]
267442 DEBUG [2019-06-26 09:15:50]  Looking up handler method for path /organization/company/likeSearch
267443 DEBUG [2019-06-26 09:15:50]  Returning handler method [public java.util.Map<java.lang.String, java.lang.Object> com.ehr.controller.organization.company.CompanyController.likeSearch(java.lang.String,java.lang.String,java.lang.Integer,java.lang.Integer)]
267443 DEBUG [2019-06-26 09:15:50]  Returning cached instance of singleton bean 'companyController'
267445 DEBUG [2019-06-26 09:15:50]  Skip CORS processing: request is from same origin
267745 DEBUG [2019-06-26 09:15:50]  Fetching JDBC Connection from DataSource
268030 DEBUG [2019-06-26 09:15:50]  Fetching JDBC Connection from DataSource
268065 DEBUG [2019-06-26 09:15:50]  Written [{code=0, data=PageInfo{pageNum=1, pageSize=10, size=0, startRow=0, endRow=0, total=0, pages=0, list=Page{count=true, pageNum=1, pageSize=10, startRow=0, endRow=10, total=0, pages=0, reasonable=false, pageSizeZero=false}[], prePage=0, nextPage=0, isFirstPage=true, isLastPage=true, hasPreviousPage=false, hasNextPage=false, navigatePages=8, navigateFirstPage=0, navigateLastPage=0, navigatepageNums=[]}, count=PageInfo{pageNum=1, pageSize=10, size=0, startRow=0, endRow=0, total=0, pages=0, list=Page{count=true, pageNum=1, pageSize=10, startRow=0, endRow=10, total=0, pages=0, reasonable=false, pageSizeZero=false}[], prePage=0, nextPage=0, isFirstPage=true, isLastPage=true, hasPreviousPage=false, hasNextPage=false, navigatePages=8, navigateFirstPage=0, navigateLastPage=0, navigatepageNums=[]}}] as "application/json" using [org.springframework.http.converter.json.MappingJackson2HttpMessageConverter@53810d25]
268065 DEBUG [2019-06-26 09:15:50]  Null ModelAndView returned to DispatcherServlet with name 'dispatcherServlet': assuming HandlerAdapter completed request handling
268065 DEBUG [2019-06-26 09:15:50]  Successfully completed request
268065 DEBUG [2019-06-26 09:15:50]  Cleared thread-bound request context: org.apache.catalina.connector.RequestFacade@380442b1
272071 DEBUG [2019-06-26 09:15:54]  Bound request context to thread: org.apache.catalina.connector.RequestFacade@380442b1
272072 DEBUG [2019-06-26 09:15:54]  DispatcherServlet with name 'dispatcherServlet' processing POST request for [/organization/company/likeSearch]
272072 DEBUG [2019-06-26 09:15:54]  Looking up handler method for path /organization/company/likeSearch
272072 DEBUG [2019-06-26 09:15:54]  Returning handler method [public java.util.Map<java.lang.String, java.lang.Object> com.ehr.controller.organization.company.CompanyController.likeSearch(java.lang.String,java.lang.String,java.lang.Integer,java.lang.Integer)]
272073 DEBUG [2019-06-26 09:15:54]  Returning cached instance of singleton bean 'companyController'
272073 DEBUG [2019-06-26 09:15:54]  Skip CORS processing: request is from same origin
272075 DEBUG [2019-06-26 09:15:54]  Fetching JDBC Connection from DataSource
272080 DEBUG [2019-06-26 09:15:54]  Fetching JDBC Connection from DataSource
272086 DEBUG [2019-06-26 09:15:54]  Written [{code=0, data=PageInfo{pageNum=1, pageSize=10, size=10, startRow=1, endRow=10, total=11, pages=2, list=Page{count=true, pageNum=1, pageSize=10, startRow=0, endRow=10, total=11, pages=2, reasonable=false, pageSizeZero=false}[Company{id=1, name='隐世集团', address='武汉光谷软件园', mark='武汉500强公司其中之一2', logictodelete=1, createtime=Wed Apr 11 17:05:02 CST 2018}, Company{id=2, name='武汉创新有限公司', address='武汉光谷软件园', mark='武汉第一家进入500强的公司', logictodelete=1, createtime=Thu Apr 26 17:05:06 CST 2018}, Company{id=3, name='武汉德馨有限公司', address='武汉光谷软件园', mark='武汉一家实力公司', logictodelete=1, createtime=Fri Apr 27 17:05:09 CST 2018}, Company{id=4, name='武汉天意有限公司', address='武汉洪山区', mark='一家实力中上，门槛低的公司', logictodelete=1, createtime=Tue Apr 17 17:05:13 CST 2018}, Company{id=5, name='武汉哲天有限公司', address='武汉洪山区', mark='一家小公司，实力并不出众', logictodelete=1, createtime=null}, Company{id=6, name='宜昌金江银座股份有限公司', address='宜昌伍家区', mark='位于宜昌的一个大集团', logictodelete=1, createtime=null}, Company{id=7, name='宜昌瑞祥有限公司', address='宜昌伍家区', mark='宜昌制药业巨头', logictodelete=1, createtime=null}, Company{id=11, name='宝武钢铁有限公司', address='上海市浦东新区', mark='中国钢铁制造业巨头', logictodelete=0, createtime=null}, Company{id=12, name='恒大地产集团', address='广州天河区', mark='中国房产以及开发资质第一的公司', logictodelete=0, createtime=null}, Company{id=13, name='碧桂园控股有限公司', address='广州佛山区', mark='中国目前最大的专业住宅开发区', logictodelete=0, createtime=null}], prePage=0, nextPage=2, isFirstPage=true, isLastPage=false, hasPreviousPage=false, hasNextPage=true, navigatePages=8, navigateFirstPage=1, navigateLastPage=2, navigatepageNums=[1, 2]}, count=PageInfo{pageNum=1, pageSize=10, size=10, startRow=1, endRow=10, total=11, pages=2, list=Page{count=true, pageNum=1, pageSize=10, startRow=0, endRow=10, total=11, pages=2, reasonable=false, pageSizeZero=false}[Company{id=1, name='隐世集团', address='武汉光谷软件园', mark='武汉500强公司其中之一2', logictodelete=1, createtime=Wed Apr 11 17:05:02 CST 2018}, Company{id=2, name='武汉创新有限公司', address='武汉光谷软件园', mark='武汉第一家进入500强的公司', logictodelete=1, createtime=Thu Apr 26 17:05:06 CST 2018}, Company{id=3, name='武汉德馨有限公司', address='武汉光谷软件园', mark='武汉一家实力公司', logictodelete=1, createtime=Fri Apr 27 17:05:09 CST 2018}, Company{id=4, name='武汉天意有限公司', address='武汉洪山区', mark='一家实力中上，门槛低的公司', logictodelete=1, createtime=Tue Apr 17 17:05:13 CST 2018}, Company{id=5, name='武汉哲天有限公司', address='武汉洪山区', mark='一家小公司，实力并不出众', logictodelete=1, createtime=null}, Company{id=6, name='宜昌金江银座股份有限公司', address='宜昌伍家区', mark='位于宜昌的一个大集团', logictodelete=1, createtime=null}, Company{id=7, name='宜昌瑞祥有限公司', address='宜昌伍家区', mark='宜昌制药业巨头', logictodelete=1, createtime=null}, Company{id=11, name='宝武钢铁有限公司', address='上海市浦东新区', mark='中国钢铁制造业巨头', logictodelete=0, createtime=null}, Company{id=12, name='恒大地产集团', address='广州天河区', mark='中国房产以及开发资质第一的公司', logictodelete=0, createtime=null}, Company{id=13, name='碧桂园控股有限公司', address='广州佛山区', mark='中国目前最大的专业住宅开发区', logictodelete=0, createtime=null}], prePage=0, nextPage=2, isFirstPage=true, isLastPage=false, hasPreviousPage=false, hasNextPage=true, navigatePages=8, navigateFirstPage=1, navigateLastPage=2, navigatepageNums=[1, 2]}}] as "application/json" using [org.springframework.http.converter.json.MappingJackson2HttpMessageConverter@53810d25]
272086 DEBUG [2019-06-26 09:15:54]  Null ModelAndView returned to DispatcherServlet with name 'dispatcherServlet': assuming HandlerAdapter completed request handling
272087 DEBUG [2019-06-26 09:15:54]  Successfully completed request
272087 DEBUG [2019-06-26 09:15:54]  Cleared thread-bound request context: org.apache.catalina.connector.RequestFacade@380442b1
306468 DEBUG [2019-06-26 09:16:29]  Bound request context to thread: org.apache.catalina.connector.RequestFacade@380442b1
306469 DEBUG [2019-06-26 09:16:29]  DispatcherServlet with name 'dispatcherServlet' processing GET request for [/lib/layui/css/modules/layer/default/loading-1.gif]
306469 DEBUG [2019-06-26 09:16:29]  Looking up handler method for path /lib/layui/css/modules/layer/default/loading-1.gif
306470 DEBUG [2019-06-26 09:16:29]  Did not find handler method for [/lib/layui/css/modules/layer/default/loading-1.gif]
306470 DEBUG [2019-06-26 09:16:29]  Matching patterns for request [/lib/layui/css/modules/layer/default/loading-1.gif] are [/**]
306470 DEBUG [2019-06-26 09:16:29]  URI Template variables for request [/lib/layui/css/modules/layer/default/loading-1.gif] are {}
306470 DEBUG [2019-06-26 09:16:29]  Mapping [/lib/layui/css/modules/layer/default/loading-1.gif] to HandlerExecutionChain with handler [ResourceHttpRequestHandler [locations=[class path resource [META-INF/resources/], class path resource [resources/], class path resource [static/], class path resource [public/], ServletContext resource [/]], resolvers=[org.springframework.web.servlet.resource.PathResourceResolver@2992a565]]] and 1 interceptor
306470 DEBUG [2019-06-26 09:16:29]  Last-Modified value for [/lib/layui/css/modules/layer/default/loading-1.gif] is: -1
306487 DEBUG [2019-06-26 09:16:29]  Null ModelAndView returned to DispatcherServlet with name 'dispatcherServlet': assuming HandlerAdapter completed request handling
306487 DEBUG [2019-06-26 09:16:29]  Successfully completed request
306487 DEBUG [2019-06-26 09:16:29]  Cleared thread-bound request context: org.apache.catalina.connector.RequestFacade@380442b1
306607 DEBUG [2019-06-26 09:16:29]  Bound request context to thread: org.apache.catalina.connector.RequestFacade@380442b1
306607 DEBUG [2019-06-26 09:16:29]  DispatcherServlet with name 'dispatcherServlet' processing GET request for [/lib/layui/css/modules/layer/default/icon.png]
306608 DEBUG [2019-06-26 09:16:29]  Looking up handler method for path /lib/layui/css/modules/layer/default/icon.png
306609 DEBUG [2019-06-26 09:16:29]  Did not find handler method for [/lib/layui/css/modules/layer/default/icon.png]
306609 DEBUG [2019-06-26 09:16:29]  Matching patterns for request [/lib/layui/css/modules/layer/default/icon.png] are [/**]
306610 DEBUG [2019-06-26 09:16:29]  URI Template variables for request [/lib/layui/css/modules/layer/default/icon.png] are {}
306610 DEBUG [2019-06-26 09:16:29]  Mapping [/lib/layui/css/modules/layer/default/icon.png] to HandlerExecutionChain with handler [ResourceHttpRequestHandler [locations=[class path resource [META-INF/resources/], class path resource [resources/], class path resource [static/], class path resource [public/], ServletContext resource [/]], resolvers=[org.springframework.web.servlet.resource.PathResourceResolver@2992a565]]] and 1 interceptor
306610 DEBUG [2019-06-26 09:16:29]  Last-Modified value for [/lib/layui/css/modules/layer/default/icon.png] is: -1
306610 DEBUG [2019-06-26 09:16:29]  Bound request context to thread: org.apache.catalina.connector.RequestFacade@44a430f7
306611 DEBUG [2019-06-26 09:16:29]  DispatcherServlet with name 'dispatcherServlet' processing GET request for [/organization/company/companyAdd]
306611 DEBUG [2019-06-26 09:16:29]  Looking up handler method for path /organization/company/companyAdd
306611 DEBUG [2019-06-26 09:16:29]  Returning handler method [public java.lang.String com.ehr.controller.organization.company.CompanyController.companyAdd()]
306611 DEBUG [2019-06-26 09:16:29]  Returning cached instance of singleton bean 'companyController'
306611 DEBUG [2019-06-26 09:16:29]  Last-Modified value for [/organization/company/companyAdd] is: -1
306612 DEBUG [2019-06-26 09:16:29]  Requested media types are [text/html, application/xhtml+xml, image/webp, image/apng, application/signed-exchange;v=b3, application/xml;q=0.9, */*;q=0.8] based on Accept header types and producible media types [*/*])
306612 DEBUG [2019-06-26 09:16:29]  No matching bean found for view name '/organization/company/companyAdd'
306613 DEBUG [2019-06-26 09:16:29]  Invoking afterPropertiesSet() on bean with name '/organization/company/companyAdd'
306613 DEBUG [2019-06-26 09:16:29]  Returning cached instance of singleton bean 'org.springframework.transaction.config.internalTransactionAdvisor'
306613 DEBUG [2019-06-26 09:16:29]  Returning [org.springframework.web.servlet.view.InternalResourceView: name '/organization/company/companyAdd'; URL [/WEB-INF/View//organization/company/companyAdd.jsp]] based on requested media type 'text/html'
306613 DEBUG [2019-06-26 09:16:29]  Rendering view [org.springframework.web.servlet.view.InternalResourceView: name '/organization/company/companyAdd'; URL [/WEB-INF/View//organization/company/companyAdd.jsp]] in DispatcherServlet with name 'dispatcherServlet'
306613 DEBUG [2019-06-26 09:16:29]  Forwarding to resource [/WEB-INF/View//organization/company/companyAdd.jsp] in InternalResourceView '/organization/company/companyAdd'
306648 DEBUG [2019-06-26 09:16:29]  Null ModelAndView returned to DispatcherServlet with name 'dispatcherServlet': assuming HandlerAdapter completed request handling
306648 DEBUG [2019-06-26 09:16:29]  Successfully completed request
306648 DEBUG [2019-06-26 09:16:29]  Cleared thread-bound request context: org.apache.catalina.connector.RequestFacade@380442b1
307684 DEBUG [2019-06-26 09:16:30]  Successfully completed request
307685 DEBUG [2019-06-26 09:16:30]  Cleared thread-bound request context: org.apache.catalina.connector.RequestFacade@44a430f7
319090 DEBUG [2019-06-26 09:16:41]  Bound request context to thread: org.apache.catalina.connector.RequestFacade@44a430f7
319090 DEBUG [2019-06-26 09:16:41]  DispatcherServlet with name 'dispatcherServlet' processing GET request for [/organization/company/companyAdd]
319090 DEBUG [2019-06-26 09:16:41]  Looking up handler method for path /organization/company/companyAdd
319091 DEBUG [2019-06-26 09:16:41]  Returning handler method [public java.lang.String com.ehr.controller.organization.company.CompanyController.companyAdd()]
319091 DEBUG [2019-06-26 09:16:41]  Returning cached instance of singleton bean 'companyController'
319091 DEBUG [2019-06-26 09:16:41]  Last-Modified value for [/organization/company/companyAdd] is: -1
319092 DEBUG [2019-06-26 09:16:41]  Requested media types are [text/html, application/xhtml+xml, image/webp, image/apng, application/signed-exchange;v=b3, application/xml;q=0.9, */*;q=0.8] based on Accept header types and producible media types [*/*])
319092 DEBUG [2019-06-26 09:16:41]  No matching bean found for view name '/organization/company/companyAdd'
319092 DEBUG [2019-06-26 09:16:41]  Returning [org.springframework.web.servlet.view.InternalResourceView: name '/organization/company/companyAdd'; URL [/WEB-INF/View//organization/company/companyAdd.jsp]] based on requested media type 'text/html'
319092 DEBUG [2019-06-26 09:16:41]  Rendering view [org.springframework.web.servlet.view.InternalResourceView: name '/organization/company/companyAdd'; URL [/WEB-INF/View//organization/company/companyAdd.jsp]] in DispatcherServlet with name 'dispatcherServlet'
319092 DEBUG [2019-06-26 09:16:41]  Forwarding to resource [/WEB-INF/View//organization/company/companyAdd.jsp] in InternalResourceView '/organization/company/companyAdd'
319096 DEBUG [2019-06-26 09:16:41]  Successfully completed request
319096 DEBUG [2019-06-26 09:16:41]  Cleared thread-bound request context: org.apache.catalina.connector.RequestFacade@44a430f7
351438 DEBUG [2019-06-26 09:17:14]  Bound request context to thread: org.apache.catalina.connector.RequestFacade@44a430f7
351438 DEBUG [2019-06-26 09:17:14]  DispatcherServlet with name 'dispatcherServlet' processing POST request for [/organization/company/addACompany]
351438 DEBUG [2019-06-26 09:17:14]  Looking up handler method for path /organization/company/addACompany
351439 DEBUG [2019-06-26 09:17:14]  Returning handler method [public void com.ehr.controller.organization.company.CompanyController.addACompany(java.lang.String,java.lang.String,java.lang.String)]
351439 DEBUG [2019-06-26 09:17:14]  Returning cached instance of singleton bean 'companyController'
351439 DEBUG [2019-06-26 09:17:14]  Skip CORS processing: request is from same origin
351441 DEBUG [2019-06-26 09:17:14]  Fetching JDBC Connection from DataSource
351860 DEBUG [2019-06-26 09:17:14]  Null ModelAndView returned to DispatcherServlet with name 'dispatcherServlet': assuming HandlerAdapter completed request handling
351860 DEBUG [2019-06-26 09:17:14]  Successfully completed request
351861 DEBUG [2019-06-26 09:17:14]  Cleared thread-bound request context: org.apache.catalina.connector.RequestFacade@44a430f7
353629 DEBUG [2019-06-26 09:17:16]  Bound request context to thread: org.apache.catalina.connector.RequestFacade@44a430f7
353629 DEBUG [2019-06-26 09:17:16]  DispatcherServlet with name 'dispatcherServlet' processing POST request for [/organization/company/likeSearch]
353629 DEBUG [2019-06-26 09:17:16]  Looking up handler method for path /organization/company/likeSearch
353629 DEBUG [2019-06-26 09:17:16]  Returning handler method [public java.util.Map<java.lang.String, java.lang.Object> com.ehr.controller.organization.company.CompanyController.likeSearch(java.lang.String,java.lang.String,java.lang.Integer,java.lang.Integer)]
353630 DEBUG [2019-06-26 09:17:16]  Returning cached instance of singleton bean 'companyController'
353630 DEBUG [2019-06-26 09:17:16]  Skip CORS processing: request is from same origin
353633 DEBUG [2019-06-26 09:17:16]  Fetching JDBC Connection from DataSource
353638 DEBUG [2019-06-26 09:17:16]  Fetching JDBC Connection from DataSource
353645 DEBUG [2019-06-26 09:17:16]  Written [{code=0, data=PageInfo{pageNum=1, pageSize=10, size=10, startRow=1, endRow=10, total=12, pages=2, list=Page{count=true, pageNum=1, pageSize=10, startRow=0, endRow=10, total=12, pages=2, reasonable=false, pageSizeZero=false}[Company{id=1, name='隐世集团', address='武汉光谷软件园', mark='武汉500强公司其中之一2', logictodelete=1, createtime=Wed Apr 11 17:05:02 CST 2018}, Company{id=2, name='武汉创新有限公司', address='武汉光谷软件园', mark='武汉第一家进入500强的公司', logictodelete=1, createtime=Thu Apr 26 17:05:06 CST 2018}, Company{id=3, name='武汉德馨有限公司', address='武汉光谷软件园', mark='武汉一家实力公司', logictodelete=1, createtime=Fri Apr 27 17:05:09 CST 2018}, Company{id=4, name='武汉天意有限公司', address='武汉洪山区', mark='一家实力中上，门槛低的公司', logictodelete=1, createtime=Tue Apr 17 17:05:13 CST 2018}, Company{id=5, name='武汉哲天有限公司', address='武汉洪山区', mark='一家小公司，实力并不出众', logictodelete=1, createtime=null}, Company{id=6, name='宜昌金江银座股份有限公司', address='宜昌伍家区', mark='位于宜昌的一个大集团', logictodelete=1, createtime=null}, Company{id=7, name='宜昌瑞祥有限公司', address='宜昌伍家区', mark='宜昌制药业巨头', logictodelete=1, createtime=null}, Company{id=11, name='宝武钢铁有限公司', address='上海市浦东新区', mark='中国钢铁制造业巨头', logictodelete=0, createtime=null}, Company{id=12, name='恒大地产集团', address='广州天河区', mark='中国房产以及开发资质第一的公司', logictodelete=0, createtime=null}, Company{id=13, name='碧桂园控股有限公司', address='广州佛山区', mark='中国目前最大的专业住宅开发区', logictodelete=0, createtime=null}], prePage=0, nextPage=2, isFirstPage=true, isLastPage=false, hasPreviousPage=false, hasNextPage=true, navigatePages=8, navigateFirstPage=1, navigateLastPage=2, navigatepageNums=[1, 2]}, count=PageInfo{pageNum=1, pageSize=10, size=10, startRow=1, endRow=10, total=12, pages=2, list=Page{count=true, pageNum=1, pageSize=10, startRow=0, endRow=10, total=12, pages=2, reasonable=false, pageSizeZero=false}[Company{id=1, name='隐世集团', address='武汉光谷软件园', mark='武汉500强公司其中之一2', logictodelete=1, createtime=Wed Apr 11 17:05:02 CST 2018}, Company{id=2, name='武汉创新有限公司', address='武汉光谷软件园', mark='武汉第一家进入500强的公司', logictodelete=1, createtime=Thu Apr 26 17:05:06 CST 2018}, Company{id=3, name='武汉德馨有限公司', address='武汉光谷软件园', mark='武汉一家实力公司', logictodelete=1, createtime=Fri Apr 27 17:05:09 CST 2018}, Company{id=4, name='武汉天意有限公司', address='武汉洪山区', mark='一家实力中上，门槛低的公司', logictodelete=1, createtime=Tue Apr 17 17:05:13 CST 2018}, Company{id=5, name='武汉哲天有限公司', address='武汉洪山区', mark='一家小公司，实力并不出众', logictodelete=1, createtime=null}, Company{id=6, name='宜昌金江银座股份有限公司', address='宜昌伍家区', mark='位于宜昌的一个大集团', logictodelete=1, createtime=null}, Company{id=7, name='宜昌瑞祥有限公司', address='宜昌伍家区', mark='宜昌制药业巨头', logictodelete=1, createtime=null}, Company{id=11, name='宝武钢铁有限公司', address='上海市浦东新区', mark='中国钢铁制造业巨头', logictodelete=0, createtime=null}, Company{id=12, name='恒大地产集团', address='广州天河区', mark='中国房产以及开发资质第一的公司', logictodelete=0, createtime=null}, Company{id=13, name='碧桂园控股有限公司', address='广州佛山区', mark='中国目前最大的专业住宅开发区', logictodelete=0, createtime=null}], prePage=0, nextPage=2, isFirstPage=true, isLastPage=false, hasPreviousPage=false, hasNextPage=true, navigatePages=8, navigateFirstPage=1, navigateLastPage=2, navigatepageNums=[1, 2]}}] as "application/json" using [org.springframework.http.converter.json.MappingJackson2HttpMessageConverter@53810d25]
353645 DEBUG [2019-06-26 09:17:16]  Null ModelAndView returned to DispatcherServlet with name 'dispatcherServlet': assuming HandlerAdapter completed request handling
353645 DEBUG [2019-06-26 09:17:16]  Successfully completed request
353645 DEBUG [2019-06-26 09:17:16]  Cleared thread-bound request context: org.apache.catalina.connector.RequestFacade@44a430f7
360924 DEBUG [2019-06-26 09:17:23]  Bound request context to thread: org.apache.catalina.connector.RequestFacade@44a430f7
360925 DEBUG [2019-06-26 09:17:23]  DispatcherServlet with name 'dispatcherServlet' processing POST request for [/organization/company/likeSearch]
360925 DEBUG [2019-06-26 09:17:23]  Looking up handler method for path /organization/company/likeSearch
360925 DEBUG [2019-06-26 09:17:23]  Returning handler method [public java.util.Map<java.lang.String, java.lang.Object> com.ehr.controller.organization.company.CompanyController.likeSearch(java.lang.String,java.lang.String,java.lang.Integer,java.lang.Integer)]
360925 DEBUG [2019-06-26 09:17:23]  Returning cached instance of singleton bean 'companyController'
360925 DEBUG [2019-06-26 09:17:23]  Skip CORS processing: request is from same origin
360933 DEBUG [2019-06-26 09:17:23]  Fetching JDBC Connection from DataSource
360938 DEBUG [2019-06-26 09:17:23]  Fetching JDBC Connection from DataSource
360944 DEBUG [2019-06-26 09:17:23]  Written [{code=0, data=PageInfo{pageNum=2, pageSize=10, size=2, startRow=11, endRow=12, total=12, pages=2, list=Page{count=true, pageNum=2, pageSize=10, startRow=10, endRow=20, total=12, pages=2, reasonable=false, pageSizeZero=false}[Company{id=14, name='中国保利集团', address='湖北武汉', mark='武汉500强公司其中之一', logictodelete=0, createtime=null}, Company{id=20, name='testt', address='test', mark='test', logictodelete=null, createtime=null}], prePage=1, nextPage=0, isFirstPage=false, isLastPage=true, hasPreviousPage=true, hasNextPage=false, navigatePages=8, navigateFirstPage=1, navigateLastPage=2, navigatepageNums=[1, 2]}, count=PageInfo{pageNum=2, pageSize=10, size=2, startRow=11, endRow=12, total=12, pages=2, list=Page{count=true, pageNum=2, pageSize=10, startRow=10, endRow=20, total=12, pages=2, reasonable=false, pageSizeZero=false}[Company{id=14, name='中国保利集团', address='湖北武汉', mark='武汉500强公司其中之一', logictodelete=0, createtime=null}, Company{id=20, name='testt', address='test', mark='test', logictodelete=null, createtime=null}], prePage=1, nextPage=0, isFirstPage=false, isLastPage=true, hasPreviousPage=true, hasNextPage=false, navigatePages=8, navigateFirstPage=1, navigateLastPage=2, navigatepageNums=[1, 2]}}] as "application/json" using [org.springframework.http.converter.json.MappingJackson2HttpMessageConverter@53810d25]
360944 DEBUG [2019-06-26 09:17:23]  Null ModelAndView returned to DispatcherServlet with name 'dispatcherServlet': assuming HandlerAdapter completed request handling
360944 DEBUG [2019-06-26 09:17:23]  Successfully completed request
360944 DEBUG [2019-06-26 09:17:23]  Cleared thread-bound request context: org.apache.catalina.connector.RequestFacade@44a430f7
369408 DEBUG [2019-06-26 09:17:32]  Bound request context to thread: org.apache.catalina.connector.RequestFacade@44a430f7
369409 DEBUG [2019-06-26 09:17:32]  DispatcherServlet with name 'dispatcherServlet' processing POST request for [/organization/company/deleteACompany]
369409 DEBUG [2019-06-26 09:17:32]  Looking up handler method for path /organization/company/deleteACompany
369410 DEBUG [2019-06-26 09:17:32]  Returning handler method [public java.util.Map<java.lang.String, java.lang.Object> com.ehr.controller.organization.company.CompanyController.updateACompany(java.lang.Integer)]
369410 DEBUG [2019-06-26 09:17:32]  Returning cached instance of singleton bean 'companyController'
369410 DEBUG [2019-06-26 09:17:32]  Skip CORS processing: request is from same origin
369411 DEBUG [2019-06-26 09:17:32]  Fetching JDBC Connection from DataSource
369515 DEBUG [2019-06-26 09:17:32]  Written [{msg=deleteOK}] as "application/json" using [org.springframework.http.converter.json.MappingJackson2HttpMessageConverter@53810d25]
369515 DEBUG [2019-06-26 09:17:32]  Null ModelAndView returned to DispatcherServlet with name 'dispatcherServlet': assuming HandlerAdapter completed request handling
369515 DEBUG [2019-06-26 09:17:32]  Successfully completed request
369515 DEBUG [2019-06-26 09:17:32]  Cleared thread-bound request context: org.apache.catalina.connector.RequestFacade@44a430f7
369534 DEBUG [2019-06-26 09:17:32]  Bound request context to thread: org.apache.catalina.connector.RequestFacade@44a430f7
369534 DEBUG [2019-06-26 09:17:32]  DispatcherServlet with name 'dispatcherServlet' processing POST request for [/organization/company/likeSearch]
369535 DEBUG [2019-06-26 09:17:32]  Looking up handler method for path /organization/company/likeSearch
369535 DEBUG [2019-06-26 09:17:32]  Returning handler method [public java.util.Map<java.lang.String, java.lang.Object> com.ehr.controller.organization.company.CompanyController.likeSearch(java.lang.String,java.lang.String,java.lang.Integer,java.lang.Integer)]
369535 DEBUG [2019-06-26 09:17:32]  Returning cached instance of singleton bean 'companyController'
369537 DEBUG [2019-06-26 09:17:32]  Skip CORS processing: request is from same origin
369540 DEBUG [2019-06-26 09:17:32]  Fetching JDBC Connection from DataSource
369545 DEBUG [2019-06-26 09:17:32]  Fetching JDBC Connection from DataSource
369550 DEBUG [2019-06-26 09:17:32]  Written [{code=0, data=PageInfo{pageNum=1, pageSize=10, size=10, startRow=1, endRow=10, total=11, pages=2, list=Page{count=true, pageNum=1, pageSize=10, startRow=0, endRow=10, total=11, pages=2, reasonable=false, pageSizeZero=false}[Company{id=1, name='隐世集团', address='武汉光谷软件园', mark='武汉500强公司其中之一2', logictodelete=1, createtime=Wed Apr 11 17:05:02 CST 2018}, Company{id=2, name='武汉创新有限公司', address='武汉光谷软件园', mark='武汉第一家进入500强的公司', logictodelete=1, createtime=Thu Apr 26 17:05:06 CST 2018}, Company{id=3, name='武汉德馨有限公司', address='武汉光谷软件园', mark='武汉一家实力公司', logictodelete=1, createtime=Fri Apr 27 17:05:09 CST 2018}, Company{id=4, name='武汉天意有限公司', address='武汉洪山区', mark='一家实力中上，门槛低的公司', logictodelete=1, createtime=Tue Apr 17 17:05:13 CST 2018}, Company{id=5, name='武汉哲天有限公司', address='武汉洪山区', mark='一家小公司，实力并不出众', logictodelete=1, createtime=null}, Company{id=6, name='宜昌金江银座股份有限公司', address='宜昌伍家区', mark='位于宜昌的一个大集团', logictodelete=1, createtime=null}, Company{id=7, name='宜昌瑞祥有限公司', address='宜昌伍家区', mark='宜昌制药业巨头', logictodelete=1, createtime=null}, Company{id=11, name='宝武钢铁有限公司', address='上海市浦东新区', mark='中国钢铁制造业巨头', logictodelete=0, createtime=null}, Company{id=12, name='恒大地产集团', address='广州天河区', mark='中国房产以及开发资质第一的公司', logictodelete=0, createtime=null}, Company{id=13, name='碧桂园控股有限公司', address='广州佛山区', mark='中国目前最大的专业住宅开发区', logictodelete=0, createtime=null}], prePage=0, nextPage=2, isFirstPage=true, isLastPage=false, hasPreviousPage=false, hasNextPage=true, navigatePages=8, navigateFirstPage=1, navigateLastPage=2, navigatepageNums=[1, 2]}, count=PageInfo{pageNum=1, pageSize=10, size=10, startRow=1, endRow=10, total=11, pages=2, list=Page{count=true, pageNum=1, pageSize=10, startRow=0, endRow=10, total=11, pages=2, reasonable=false, pageSizeZero=false}[Company{id=1, name='隐世集团', address='武汉光谷软件园', mark='武汉500强公司其中之一2', logictodelete=1, createtime=Wed Apr 11 17:05:02 CST 2018}, Company{id=2, name='武汉创新有限公司', address='武汉光谷软件园', mark='武汉第一家进入500强的公司', logictodelete=1, createtime=Thu Apr 26 17:05:06 CST 2018}, Company{id=3, name='武汉德馨有限公司', address='武汉光谷软件园', mark='武汉一家实力公司', logictodelete=1, createtime=Fri Apr 27 17:05:09 CST 2018}, Company{id=4, name='武汉天意有限公司', address='武汉洪山区', mark='一家实力中上，门槛低的公司', logictodelete=1, createtime=Tue Apr 17 17:05:13 CST 2018}, Company{id=5, name='武汉哲天有限公司', address='武汉洪山区', mark='一家小公司，实力并不出众', logictodelete=1, createtime=null}, Company{id=6, name='宜昌金江银座股份有限公司', address='宜昌伍家区', mark='位于宜昌的一个大集团', logictodelete=1, createtime=null}, Company{id=7, name='宜昌瑞祥有限公司', address='宜昌伍家区', mark='宜昌制药业巨头', logictodelete=1, createtime=null}, Company{id=11, name='宝武钢铁有限公司', address='上海市浦东新区', mark='中国钢铁制造业巨头', logictodelete=0, createtime=null}, Company{id=12, name='恒大地产集团', address='广州天河区', mark='中国房产以及开发资质第一的公司', logictodelete=0, createtime=null}, Company{id=13, name='碧桂园控股有限公司', address='广州佛山区', mark='中国目前最大的专业住宅开发区', logictodelete=0, createtime=null}], prePage=0, nextPage=2, isFirstPage=true, isLastPage=false, hasPreviousPage=false, hasNextPage=true, navigatePages=8, navigateFirstPage=1, navigateLastPage=2, navigatepageNums=[1, 2]}}] as "application/json" using [org.springframework.http.converter.json.MappingJackson2HttpMessageConverter@53810d25]
369550 DEBUG [2019-06-26 09:17:32]  Null ModelAndView returned to DispatcherServlet with name 'dispatcherServlet': assuming HandlerAdapter completed request handling
369550 DEBUG [2019-06-26 09:17:32]  Successfully completed request
369550 DEBUG [2019-06-26 09:17:32]  Cleared thread-bound request context: org.apache.catalina.connector.RequestFacade@44a430f7
375617 DEBUG [2019-06-26 09:17:38]  Bound request context to thread: org.apache.catalina.connector.RequestFacade@44a430f7
375618 DEBUG [2019-06-26 09:17:38]  DispatcherServlet with name 'dispatcherServlet' processing POST request for [/organization/company/likeSearch]
375618 DEBUG [2019-06-26 09:17:38]  Looking up handler method for path /organization/company/likeSearch
375618 DEBUG [2019-06-26 09:17:38]  Returning handler method [public java.util.Map<java.lang.String, java.lang.Object> com.ehr.controller.organization.company.CompanyController.likeSearch(java.lang.String,java.lang.String,java.lang.Integer,java.lang.Integer)]
375618 DEBUG [2019-06-26 09:17:38]  Returning cached instance of singleton bean 'companyController'
375619 DEBUG [2019-06-26 09:17:38]  Skip CORS processing: request is from same origin
375621 DEBUG [2019-06-26 09:17:38]  Fetching JDBC Connection from DataSource
375625 DEBUG [2019-06-26 09:17:38]  Fetching JDBC Connection from DataSource
375632 DEBUG [2019-06-26 09:17:38]  Written [{code=0, data=PageInfo{pageNum=2, pageSize=10, size=1, startRow=11, endRow=11, total=11, pages=2, list=Page{count=true, pageNum=2, pageSize=10, startRow=10, endRow=20, total=11, pages=2, reasonable=false, pageSizeZero=false}[Company{id=14, name='中国保利集团', address='湖北武汉', mark='武汉500强公司其中之一', logictodelete=0, createtime=null}], prePage=1, nextPage=0, isFirstPage=false, isLastPage=true, hasPreviousPage=true, hasNextPage=false, navigatePages=8, navigateFirstPage=1, navigateLastPage=2, navigatepageNums=[1, 2]}, count=PageInfo{pageNum=2, pageSize=10, size=1, startRow=11, endRow=11, total=11, pages=2, list=Page{count=true, pageNum=2, pageSize=10, startRow=10, endRow=20, total=11, pages=2, reasonable=false, pageSizeZero=false}[Company{id=14, name='中国保利集团', address='湖北武汉', mark='武汉500强公司其中之一', logictodelete=0, createtime=null}], prePage=1, nextPage=0, isFirstPage=false, isLastPage=true, hasPreviousPage=true, hasNextPage=false, navigatePages=8, navigateFirstPage=1, navigateLastPage=2, navigatepageNums=[1, 2]}}] as "application/json" using [org.springframework.http.converter.json.MappingJackson2HttpMessageConverter@53810d25]
375632 DEBUG [2019-06-26 09:17:38]  Null ModelAndView returned to DispatcherServlet with name 'dispatcherServlet': assuming HandlerAdapter completed request handling
375632 DEBUG [2019-06-26 09:17:38]  Successfully completed request
375632 DEBUG [2019-06-26 09:17:38]  Cleared thread-bound request context: org.apache.catalina.connector.RequestFacade@44a430f7
